#
# There is insufficient memory for the Java Runtime Environment to continue.
# Native memory allocation (malloc) failed to allocate 406576 bytes. Error detail: Chunk::new
# Possible reasons:
#   The system is out of physical RAM or swap space
#   This process is running with CompressedOops enabled, and the Java Heap may be blocking the growth of the native heap
# Possible solutions:
#   Reduce memory load on the system
#   Increase physical memory or swap space
#   Check if swap backing store is full
#   Decrease Java heap size (-Xmx/-Xms)
#   Decrease number of Java threads
#   Decrease Java thread stack sizes (-Xss)
#   Set larger code cache with -XX:ReservedCodeCacheSize=
#   JVM is running with Unscaled Compressed Oops mode in which the Java heap is
#     placed in the first 4GB address space. The Java Heap base address is the
#     maximum limit for the native heap growth. Please use -XX:HeapBaseMinAddress
#     to set the Java Heap base and to place the Java Heap above 4GB virtual address.
# This output file may be truncated or incomplete.
#
#  Out of Memory Error (arena.cpp:168), pid=31012, tid=22108
#
# JRE version: OpenJDK Runtime Environment Temurin-21.0.11+10 (21.0.11+10) (build 21.0.11+10-LTS)
# Java VM: OpenJDK 64-Bit Server VM Temurin-21.0.11+10 (21.0.11+10-LTS, mixed mode, sharing, tiered, compressed oops, compressed class ptrs, g1 gc, windows-amd64)
# No core dump will be written. Minidumps are not enabled by default on client versions of Windows
#

---------------  S U M M A R Y ------------

Command Line: --add-opens=java.base/java.lang=ALL-UNNAMED --add-opens=java.base/java.lang.invoke=ALL-UNNAMED --add-opens=java.base/java.util=ALL-UNNAMED --add-opens=java.prefs/java.util.prefs=ALL-UNNAMED --add-exports=jdk.compiler/com.sun.tools.javac.api=ALL-UNNAMED --add-exports=jdk.compiler/com.sun.tools.javac.util=ALL-UNNAMED --add-opens=java.base/java.util=ALL-UNNAMED --add-opens=java.prefs/java.util.prefs=ALL-UNNAMED --add-opens=java.base/java.nio.charset=ALL-UNNAMED --add-opens=java.base/java.net=ALL-UNNAMED --add-opens=java.base/java.util.concurrent=ALL-UNNAMED --add-opens=java.base/java.util.concurrent.atomic=ALL-UNNAMED --add-opens=java.xml/javax.xml.namespace=ALL-UNNAMED --add-opens=java.base/java.time=ALL-UNNAMED -XX:MaxMetaspaceSize=512m -Xmx2048m -Dfile.encoding=UTF-8 -Duser.country=US -Duser.language=en -Duser.variant -javaagent:C:\Users\subha\.gradle\wrapper\dists\gradle-9.3.1-bin\23ovyewtku6u96viwx3xl3oks\gradle-9.3.1\lib\agents\gradle-instrumentation-agent-9.3.1.jar org.gradle.launcher.daemon.bootstrap.GradleDaemon 9.3.1

Host: 12th Gen Intel(R) Core(TM) i5-12500H, 16 cores, 15G,  Windows 11 , 64 bit Build 26100 (10.0.26100.8737)
Time: Sat Jul 18 00:12:05 2026 India Standard Time elapsed time: 26.600991 seconds (0d 0h 0m 26s)

---------------  T H R E A D  ---------------

Current thread (0x0000025821dbe350):  JavaThread "C2 CompilerThread1" daemon [_thread_in_native, id=22108, stack(0x000000fa55f00000,0x000000fa56000000) (1024K)]


Current CompileTask:
C2:26601 9805       4       org.gradle.api.internal.cache.StringInterner::intern (9 bytes)

Stack: [0x000000fa55f00000,0x000000fa56000000]
Native frames: (J=compiled Java code, j=interpreted, Vv=VM code, C=native code)
V  [jvm.dll+0x6d7e19]
V  [jvm.dll+0x8b5096]
V  [jvm.dll+0x8b764e]
V  [jvm.dll+0x8b7d33]
V  [jvm.dll+0x284596]
V  [jvm.dll+0xc685d]
V  [jvm.dll+0xc6da1]
V  [jvm.dll+0x3bed6b]
V  [jvm.dll+0x38b2b2]
V  [jvm.dll+0x38a6fa]
V  [jvm.dll+0x24c700]
V  [jvm.dll+0x24bce0]
V  [jvm.dll+0x1cb4ae]
V  [jvm.dll+0x25baad]
V  [jvm.dll+0x25a03a]
V  [jvm.dll+0x3f868e]
V  [jvm.dll+0x85fb0d]
V  [jvm.dll+0x6d664d]
C  [ucrtbase.dll+0x2cd30]
C  [KERNEL32.DLL+0x2e957]
C  [ntdll.dll+0xaad6c]


---------------  P R O C E S S  ---------------

Threads class SMR info:
_java_thread_list=0x000002587ea98c20, length=95, elements={
0x0000025864610e80, 0x000002587c838cf0, 0x000002587c83b860, 0x000002587c83fef0,
0x000002587c840bb0, 0x000002587c847f80, 0x000002587c84b820, 0x000002587c851c10,
0x000002587c853220, 0x000002587c8490c0, 0x000002587c84beb0, 0x000002587c849de0,
0x000002587c849750, 0x000002587c84a470, 0x000002587c84b190, 0x000002587e7f4ca0,
0x000002587e7f5330, 0x000002587e7f59c0, 0x000002587e7f66e0, 0x000002587e7f6050,
0x000002587e7f6d70, 0x000002587e7f38f0, 0x000002587e7f3f80, 0x000002587e7f7400,
0x000002587e7f8e40, 0x000002587e7f94d0, 0x000002587e7f9b60, 0x000002587e7f87b0,
0x000002587e7fa1f0, 0x000002587e7fa880, 0x000002587e7faf10, 0x0000025821d19500,
0x0000025821d19b90, 0x0000025821d1a220, 0x0000025821d18e70, 0x0000025821d16da0,
0x0000025821d18150, 0x0000025821d17430, 0x000002587eba89a0, 0x000002587eba68d0,
0x000002587eba75f0, 0x000002587eba9d50, 0x000002587eba9030, 0x000002587eba96c0,
0x000002587ebaa3e0, 0x000002587ebaaa70, 0x000002587ebab100, 0x000002587eba7c80,
0x000002587ebab790, 0x000002587eba8310, 0x000002587ebac4b0, 0x000002587ebabe20,
0x000002587ebacb40, 0x000002587ebad1d0, 0x000002587ebad860, 0x000002587ebadef0,
0x00000258214bfad0, 0x00000258214c0160, 0x00000258214c2230, 0x00000258214c1ba0,
0x00000258214c1510, 0x00000258214bedb0, 0x00000258214c0e80, 0x00000258214c07f0,
0x00000258214c28c0, 0x00000258214bf440, 0x00000258214c5020, 0x00000258214c4990,
0x00000258214c35e0, 0x00000258214c63d0, 0x00000258214c56b0, 0x00000258214c3c70,
0x00000258214c5d40, 0x00000258214c2f50, 0x00000258214c4300, 0x0000025820b82c30,
0x0000025820b832c0, 0x0000025820b83950, 0x0000025820b825a0, 0x0000025820b83fe0,
0x0000025820b84670, 0x0000025820b84d00, 0x0000025820b85390, 0x0000025820b81f10,
0x0000025820b88810, 0x0000025820b88180, 0x0000025820b85a20, 0x0000025820b89530,
0x0000025820b86dd0, 0x0000025820b87460, 0x0000025820b88ea0, 0x0000025824277030,
0x0000025824279e20, 0x0000025821dbe350, 0x0000025821dbf0f0
}

Java Threads: ( => current thread )
  0x0000025864610e80 JavaThread "main"                              [_thread_blocked, id=11160, stack(0x000000fa54300000,0x000000fa54400000) (1024K)]
  0x000002587c838cf0 JavaThread "Reference Handler"          daemon [_thread_blocked, id=24944, stack(0x000000fa54b00000,0x000000fa54c00000) (1024K)]
  0x000002587c83b860 JavaThread "Finalizer"                  daemon [_thread_blocked, id=21008, stack(0x000000fa54c00000,0x000000fa54d00000) (1024K)]
  0x000002587c83fef0 JavaThread "Signal Dispatcher"          daemon [_thread_blocked, id=2824, stack(0x000000fa54d00000,0x000000fa54e00000) (1024K)]
  0x000002587c840bb0 JavaThread "Attach Listener"            daemon [_thread_blocked, id=27560, stack(0x000000fa54e00000,0x000000fa54f00000) (1024K)]
  0x000002587c847f80 JavaThread "Service Thread"             daemon [_thread_blocked, id=21224, stack(0x000000fa54f00000,0x000000fa55000000) (1024K)]
  0x000002587c84b820 JavaThread "Monitor Deflation Thread"   daemon [_thread_blocked, id=2084, stack(0x000000fa55000000,0x000000fa55100000) (1024K)]
  0x000002587c851c10 JavaThread "C2 CompilerThread0"         daemon [_thread_in_native, id=4984, stack(0x000000fa55100000,0x000000fa55200000) (1024K)]
  0x000002587c853220 JavaThread "C1 CompilerThread0"         daemon [_thread_blocked, id=30900, stack(0x000000fa55200000,0x000000fa55300000) (1024K)]
  0x000002587c8490c0 JavaThread "Common-Cleaner"             daemon [_thread_blocked, id=30508, stack(0x000000fa55400000,0x000000fa55500000) (1024K)]
  0x000002587c84beb0 JavaThread "Notification Thread"        daemon [_thread_blocked, id=8984, stack(0x000000fa55500000,0x000000fa55600000) (1024K)]
  0x000002587c849de0 JavaThread "Daemon health stats"               [_thread_blocked, id=3172, stack(0x000000fa55d00000,0x000000fa55e00000) (1024K)]
  0x000002587c849750 JavaThread "Incoming local TCP Connector on port 53717"        [_thread_in_native, id=25328, stack(0x000000fa55600000,0x000000fa55700000) (1024K)]
  0x000002587c84a470 JavaThread "Daemon periodic checks"            [_thread_blocked, id=25688, stack(0x000000fa56100000,0x000000fa56200000) (1024K)]
  0x000002587c84b190 JavaThread "Daemon"                            [_thread_blocked, id=27412, stack(0x000000fa56200000,0x000000fa56300000) (1024K)]
  0x000002587e7f4ca0 JavaThread "Handler for socket connection from /127.0.0.1:53717 to /127.0.0.1:53718"        [_thread_in_native, id=1400, stack(0x000000fa56300000,0x000000fa56400000) (1024K)]
  0x000002587e7f5330 JavaThread "Cancel handler"                    [_thread_blocked, id=4184, stack(0x000000fa56000000,0x000000fa56100000) (1024K)]
  0x000002587e7f59c0 JavaThread "Daemon worker"                     [_thread_in_vm, id=20920, stack(0x000000fa56400000,0x000000fa56500000) (1024K)]
  0x000002587e7f66e0 JavaThread "Asynchronous log dispatcher for DefaultDaemonConnection: socket connection from /127.0.0.1:53717 to /127.0.0.1:53718"        [_thread_blocked, id=8332, stack(0x000000fa56500000,0x000000fa56600000) (1024K)]
  0x000002587e7f6050 JavaThread "Stdin handler"                     [_thread_blocked, id=6228, stack(0x000000fa56600000,0x000000fa56700000) (1024K)]
  0x000002587e7f6d70 JavaThread "Daemon client event forwarder"        [_thread_blocked, id=27688, stack(0x000000fa56700000,0x000000fa56800000) (1024K)]
  0x000002587e7f38f0 JavaThread "Cache worker for journal cache (C:\Users\subha\.gradle\caches\journal-1)"        [_thread_blocked, id=8236, stack(0x000000fa55700000,0x000000fa55800000) (1024K)]
  0x000002587e7f3f80 JavaThread "File lock request listener"        [_thread_in_native, id=22312, stack(0x000000fa56800000,0x000000fa56900000) (1024K)]
  0x000002587e7f7400 JavaThread "Cache worker for file hash cache (C:\Users\subha\.gradle\caches\9.3.1\fileHashes)"        [_thread_in_native, id=16732, stack(0x000000fa56900000,0x000000fa56a00000) (1024K)]
  0x000002587e7f8e40 JavaThread "Cache worker for file hash cache (D:\HealthApp\client\android\.gradle\9.3.1\fileHashes)"        [_thread_blocked, id=16632, stack(0x000000fa57500000,0x000000fa57600000) (1024K)]
  0x000002587e7f94d0 JavaThread "Cache worker for Build Output Cleanup Cache (D:\HealthApp\client\android\.gradle\buildOutputCleanup)"        [_thread_blocked, id=2500, stack(0x000000fa57600000,0x000000fa57700000) (1024K)]
  0x000002587e7f9b60 JavaThread "File watcher server"        daemon [_thread_in_native, id=18484, stack(0x000000fa57700000,0x000000fa57800000) (1024K)]
  0x000002587e7f87b0 JavaThread "File watcher consumer"      daemon [_thread_blocked, id=27268, stack(0x000000fa57800000,0x000000fa57900000) (1024K)]
  0x000002587e7fa1f0 JavaThread "Cache worker for checksums cache (D:\HealthApp\client\android\.gradle\9.3.1\checksums)"        [_thread_blocked, id=30204, stack(0x000000fa56a00000,0x000000fa56b00000) (1024K)]
  0x000002587e7fa880 JavaThread "Cache worker for file content cache (C:\Users\subha\.gradle\caches\9.3.1\fileContent)"        [_thread_blocked, id=11816, stack(0x000000fa57400000,0x000000fa57500000) (1024K)]
  0x000002587e7faf10 JavaThread "Cache worker for cache directory md-supplier (C:\Users\subha\.gradle\caches\9.3.1\md-supplier)"        [_thread_blocked, id=30364, stack(0x000000fa57900000,0x000000fa57a00000) (1024K)]
  0x0000025821d19500 JavaThread "Cache worker for cache directory md-rule (C:\Users\subha\.gradle\caches\9.3.1\md-rule)"        [_thread_blocked, id=30848, stack(0x000000fa57a00000,0x000000fa57b00000) (1024K)]
  0x0000025821d19b90 JavaThread "jar transforms"                    [_thread_blocked, id=22104, stack(0x000000fa57c00000,0x000000fa57d00000) (1024K)]
  0x0000025821d1a220 JavaThread "Exec process"                      [_thread_blocked, id=7880, stack(0x000000fa58000000,0x000000fa58100000) (1024K)]
  0x0000025821d18e70 JavaThread "Exec process Thread 2"             [_thread_blocked, id=26328, stack(0x000000fa58100000,0x000000fa58200000) (1024K)]
  0x0000025821d16da0 JavaThread "Exec process Thread 3"             [_thread_blocked, id=20324, stack(0x000000fa58200000,0x000000fa58300000) (1024K)]
  0x0000025821d18150 JavaThread "File lock release action executor"        [_thread_blocked, id=19868, stack(0x000000fa58300000,0x000000fa58400000) (1024K)]
  0x0000025821d17430 JavaThread "Cache worker for Build Output Cleanup Cache (D:\HealthApp\client\node_modules\@react-native\gradle-plugin\.gradle\buildOutputCleanup)"        [_thread_blocked, id=30948, stack(0x000000fa57e00000,0x000000fa57f00000) (1024K)]
  0x000002587eba89a0 JavaThread "Unconstrained build operations"        [_thread_blocked, id=23680, stack(0x000000fa57d00000,0x000000fa57e00000) (1024K)]
  0x000002587eba68d0 JavaThread "Unconstrained build operations Thread 2"        [_thread_blocked, id=24888, stack(0x000000fa57f00000,0x000000fa58000000) (1024K)]
  0x000002587eba75f0 JavaThread "Unconstrained build operations Thread 3"        [_thread_blocked, id=25152, stack(0x000000fa58400000,0x000000fa58500000) (1024K)]
  0x000002587eba9d50 JavaThread "Unconstrained build operations Thread 4"        [_thread_blocked, id=19364, stack(0x000000fa58500000,0x000000fa58600000) (1024K)]
  0x000002587eba9030 JavaThread "Unconstrained build operations Thread 5"        [_thread_blocked, id=17916, stack(0x000000fa58600000,0x000000fa58700000) (1024K)]
  0x000002587eba96c0 JavaThread "Unconstrained build operations Thread 6"        [_thread_blocked, id=17848, stack(0x000000fa58700000,0x000000fa58800000) (1024K)]
  0x000002587ebaa3e0 JavaThread "Cache worker for Build Output Cleanup Cache (D:\HealthApp\client\node_modules\expo-modules-autolinking\android\expo-gradle-plugin\.gradle\buildOutputCleanup)"        [_thread_blocked, id=13272, stack(0x000000fa57b00000,0x000000fa57c00000) (1024K)]
  0x000002587ebaaa70 JavaThread "Unconstrained build operations Thread 7"        [_thread_blocked, id=12372, stack(0x000000fa58b00000,0x000000fa58c00000) (1024K)]
  0x000002587ebab100 JavaThread "Unconstrained build operations Thread 8"        [_thread_blocked, id=21784, stack(0x000000fa58c00000,0x000000fa58d00000) (1024K)]
  0x000002587eba7c80 JavaThread "Unconstrained build operations Thread 9"        [_thread_blocked, id=21868, stack(0x000000fa58d00000,0x000000fa58e00000) (1024K)]
  0x000002587ebab790 JavaThread "Unconstrained build operations Thread 10"        [_thread_blocked, id=7804, stack(0x000000fa58e00000,0x000000fa58f00000) (1024K)]
  0x000002587eba8310 JavaThread "Unconstrained build operations Thread 11"        [_thread_blocked, id=18292, stack(0x000000fa58f00000,0x000000fa59000000) (1024K)]
  0x000002587ebac4b0 JavaThread "Unconstrained build operations Thread 12"        [_thread_blocked, id=20396, stack(0x000000fa59000000,0x000000fa59100000) (1024K)]
  0x000002587ebabe20 JavaThread "Unconstrained build operations Thread 13"        [_thread_blocked, id=13624, stack(0x000000fa59100000,0x000000fa59200000) (1024K)]
  0x000002587ebacb40 JavaThread "Unconstrained build operations Thread 14"        [_thread_blocked, id=26812, stack(0x000000fa59200000,0x000000fa59300000) (1024K)]
  0x000002587ebad1d0 JavaThread "Unconstrained build operations Thread 15"        [_thread_blocked, id=24984, stack(0x000000fa59300000,0x000000fa59400000) (1024K)]
  0x000002587ebad860 JavaThread "Unconstrained build operations Thread 16"        [_thread_blocked, id=24028, stack(0x000000fa59400000,0x000000fa59500000) (1024K)]
  0x000002587ebadef0 JavaThread "Unconstrained build operations Thread 17"        [_thread_blocked, id=27740, stack(0x000000fa59500000,0x000000fa59600000) (1024K)]
  0x00000258214bfad0 JavaThread "Unconstrained build operations Thread 18"        [_thread_blocked, id=11776, stack(0x000000fa59600000,0x000000fa59700000) (1024K)]
  0x00000258214c0160 JavaThread "Unconstrained build operations Thread 19"        [_thread_blocked, id=3176, stack(0x000000fa59700000,0x000000fa59800000) (1024K)]
  0x00000258214c2230 JavaThread "Unconstrained build operations Thread 20"        [_thread_blocked, id=18012, stack(0x000000fa59800000,0x000000fa59900000) (1024K)]
  0x00000258214c1ba0 JavaThread "Unconstrained build operations Thread 21"        [_thread_blocked, id=27360, stack(0x000000fa59900000,0x000000fa59a00000) (1024K)]
  0x00000258214c1510 JavaThread "Unconstrained build operations Thread 22"        [_thread_blocked, id=3860, stack(0x000000fa59a00000,0x000000fa59b00000) (1024K)]
  0x00000258214bedb0 JavaThread "Unconstrained build operations Thread 23"        [_thread_blocked, id=19628, stack(0x000000fa59b00000,0x000000fa59c00000) (1024K)]
  0x00000258214c0e80 JavaThread "Unconstrained build operations Thread 24"        [_thread_blocked, id=20884, stack(0x000000fa59c00000,0x000000fa59d00000) (1024K)]
  0x00000258214c07f0 JavaThread "Unconstrained build operations Thread 25"        [_thread_blocked, id=10964, stack(0x000000fa59d00000,0x000000fa59e00000) (1024K)]
  0x00000258214c28c0 JavaThread "Unconstrained build operations Thread 26"        [_thread_blocked, id=28508, stack(0x000000fa59e00000,0x000000fa59f00000) (1024K)]
  0x00000258214bf440 JavaThread "Unconstrained build operations Thread 27"        [_thread_blocked, id=29364, stack(0x000000fa59f00000,0x000000fa5a000000) (1024K)]
  0x00000258214c5020 JavaThread "Unconstrained build operations Thread 28"        [_thread_blocked, id=21396, stack(0x000000fa5a000000,0x000000fa5a100000) (1024K)]
  0x00000258214c4990 JavaThread "Unconstrained build operations Thread 29"        [_thread_blocked, id=31300, stack(0x000000fa5a100000,0x000000fa5a200000) (1024K)]
  0x00000258214c35e0 JavaThread "Unconstrained build operations Thread 30"        [_thread_blocked, id=20908, stack(0x000000fa5a200000,0x000000fa5a300000) (1024K)]
  0x00000258214c63d0 JavaThread "Unconstrained build operations Thread 31"        [_thread_blocked, id=21976, stack(0x000000fa5a300000,0x000000fa5a400000) (1024K)]
  0x00000258214c56b0 JavaThread "Unconstrained build operations Thread 32"        [_thread_blocked, id=5748, stack(0x000000fa5a400000,0x000000fa5a500000) (1024K)]
  0x00000258214c3c70 JavaThread "Unconstrained build operations Thread 33"        [_thread_blocked, id=21700, stack(0x000000fa5a500000,0x000000fa5a600000) (1024K)]
  0x00000258214c5d40 JavaThread "Unconstrained build operations Thread 34"        [_thread_blocked, id=15792, stack(0x000000fa5a600000,0x000000fa5a700000) (1024K)]
  0x00000258214c2f50 JavaThread "Unconstrained build operations Thread 35"        [_thread_blocked, id=5112, stack(0x000000fa5a700000,0x000000fa5a800000) (1024K)]
  0x00000258214c4300 JavaThread "Unconstrained build operations Thread 36"        [_thread_blocked, id=20784, stack(0x000000fa5a800000,0x000000fa5a900000) (1024K)]
  0x0000025820b82c30 JavaThread "Unconstrained build operations Thread 37"        [_thread_blocked, id=8640, stack(0x000000fa58800000,0x000000fa58900000) (1024K)]
  0x0000025820b832c0 JavaThread "Unconstrained build operations Thread 38"        [_thread_blocked, id=17244, stack(0x000000fa58900000,0x000000fa58a00000) (1024K)]
  0x0000025820b83950 JavaThread "Unconstrained build operations Thread 39"        [_thread_blocked, id=19812, stack(0x000000fa58a00000,0x000000fa58b00000) (1024K)]
  0x0000025820b825a0 JavaThread "Unconstrained build operations Thread 40"        [_thread_blocked, id=13652, stack(0x000000fa5a900000,0x000000fa5aa00000) (1024K)]
  0x0000025820b83fe0 JavaThread "Unconstrained build operations Thread 41"        [_thread_blocked, id=28180, stack(0x000000fa5aa00000,0x000000fa5ab00000) (1024K)]
  0x0000025820b84670 JavaThread "Unconstrained build operations Thread 42"        [_thread_blocked, id=22160, stack(0x000000fa5ab00000,0x000000fa5ac00000) (1024K)]
  0x0000025820b84d00 JavaThread "Unconstrained build operations Thread 43"        [_thread_blocked, id=21628, stack(0x000000fa5ac00000,0x000000fa5ad00000) (1024K)]
  0x0000025820b85390 JavaThread "Unconstrained build operations Thread 44"        [_thread_blocked, id=9444, stack(0x000000fa5ad00000,0x000000fa5ae00000) (1024K)]
  0x0000025820b81f10 JavaThread "Unconstrained build operations Thread 45"        [_thread_blocked, id=9056, stack(0x000000fa5ae00000,0x000000fa5af00000) (1024K)]
  0x0000025820b88810 JavaThread "Unconstrained build operations Thread 46"        [_thread_blocked, id=13744, stack(0x000000fa5af00000,0x000000fa5b000000) (1024K)]
  0x0000025820b88180 JavaThread "Unconstrained build operations Thread 47"        [_thread_blocked, id=21952, stack(0x000000fa5b000000,0x000000fa5b100000) (1024K)]
  0x0000025820b85a20 JavaThread "Unconstrained build operations Thread 48"        [_thread_blocked, id=29636, stack(0x000000fa5b100000,0x000000fa5b200000) (1024K)]
  0x0000025820b89530 JavaThread "Unconstrained build operations Thread 49"        [_thread_blocked, id=31216, stack(0x000000fa5b200000,0x000000fa5b300000) (1024K)]
  0x0000025820b86dd0 JavaThread "Unconstrained build operations Thread 50"        [_thread_blocked, id=24400, stack(0x000000fa5b300000,0x000000fa5b400000) (1024K)]
  0x0000025820b87460 JavaThread "Unconstrained build operations Thread 51"        [_thread_blocked, id=30496, stack(0x000000fa5b400000,0x000000fa5b500000) (1024K)]
  0x0000025820b88ea0 JavaThread "build event listener"              [_thread_blocked, id=30316, stack(0x000000fa5b700000,0x000000fa5b800000) (1024K)]
  0x0000025824277030 JavaThread "Memory manager"                    [_thread_blocked, id=12556, stack(0x000000fa5b600000,0x000000fa5b700000) (1024K)]
  0x0000025824279e20 JavaThread "Problems report writer"            [_thread_blocked, id=11108, stack(0x000000fa5b800000,0x000000fa5b900000) (1024K)]
=>0x0000025821dbe350 JavaThread "C2 CompilerThread1"         daemon [_thread_in_native, id=22108, stack(0x000000fa55f00000,0x000000fa56000000) (1024K)]
  0x0000025821dbf0f0 JavaThread "C2 CompilerThread2"         daemon [_thread_in_vm, id=29532, stack(0x000000fa55300000,0x000000fa55400000) (1024K)]
Total: 95

Other Threads:
  0x000002587c815710 VMThread "VM Thread"                           [id=13740, stack(0x000000fa54a00000,0x000000fa54b00000) (1024K)]
  0x000002587c8e19e0 WatcherThread "VM Periodic Task Thread"        [id=22640, stack(0x000000fa54900000,0x000000fa54a00000) (1024K)]
  0x000002586466a520 WorkerThread "GC Thread#0"                     [id=27160, stack(0x000000fa54400000,0x000000fa54500000) (1024K)]
  0x000002587ce741c0 WorkerThread "GC Thread#1"                     [id=1380, stack(0x000000fa55800000,0x000000fa55900000) (1024K)]
  0x000002587cf02fd0 WorkerThread "GC Thread#2"                     [id=25372, stack(0x000000fa55900000,0x000000fa55a00000) (1024K)]
  0x000002587cf03380 WorkerThread "GC Thread#3"                     [id=5268, stack(0x000000fa55a00000,0x000000fa55b00000) (1024K)]
  0x000002587cd6c6c0 WorkerThread "GC Thread#4"                     [id=29892, stack(0x000000fa55b00000,0x000000fa55c00000) (1024K)]
  0x000002587cd6ca70 WorkerThread "GC Thread#5"                     [id=17232, stack(0x000000fa55c00000,0x000000fa55d00000) (1024K)]
  0x000002581ff53e30 WorkerThread "GC Thread#6"                     [id=23472, stack(0x000000fa56b00000,0x000000fa56c00000) (1024K)]
  0x000002581ff550a0 WorkerThread "GC Thread#7"                     [id=22820, stack(0x000000fa56c00000,0x000000fa56d00000) (1024K)]
  0x000002581ff541e0 WorkerThread "GC Thread#8"                     [id=8704, stack(0x000000fa56d00000,0x000000fa56e00000) (1024K)]
  0x000002581ff54cf0 WorkerThread "GC Thread#9"                     [id=26960, stack(0x000000fa56e00000,0x000000fa56f00000) (1024K)]
  0x000002581f7daf80 WorkerThread "GC Thread#10"                    [id=12828, stack(0x000000fa56f00000,0x000000fa57000000) (1024K)]
  0x000002581f7d9d10 WorkerThread "GC Thread#11"                    [id=24216, stack(0x000000fa57000000,0x000000fa57100000) (1024K)]
  0x000002581f7db330 WorkerThread "GC Thread#12"                    [id=25460, stack(0x000000fa57100000,0x000000fa57200000) (1024K)]
  0x00000258646b9d30 ConcurrentGCThread "G1 Main Marker"            [id=16656, stack(0x000000fa54500000,0x000000fa54600000) (1024K)]
  0x00000258646bb700 WorkerThread "G1 Conc#0"                       [id=23960, stack(0x000000fa54600000,0x000000fa54700000) (1024K)]
  0x000002581f7dbe40 WorkerThread "G1 Conc#1"                       [id=3708, stack(0x000000fa57200000,0x000000fa57300000) (1024K)]
  0x000002581f7dc1f0 WorkerThread "G1 Conc#2"                       [id=21852, stack(0x000000fa57300000,0x000000fa57400000) (1024K)]
  0x000002587c754410 ConcurrentGCThread "G1 Refine#0"               [id=10440, stack(0x000000fa54700000,0x000000fa54800000) (1024K)]
  0x000002587c755c50 ConcurrentGCThread "G1 Service"                [id=31408, stack(0x000000fa54800000,0x000000fa54900000) (1024K)]
Total: 21

Threads with active compile tasks:
C2 CompilerThread0  32293 9863   !   4       java.io.ObjectInputStream$BlockDataInputStream::readUTFSpan (502 bytes)
C2 CompilerThread1  32294 9805       4       org.gradle.api.internal.cache.StringInterner::intern (9 bytes)
Total: 2

VM state: not at safepoint (normal execution)

VM Mutex/Monitor currently owned by a thread: None

Heap address: 0x0000000080000000, size: 2048 MB, Compressed Oops mode: 32-bit

CDS archive(s) mapped at: [0x0000025800000000-0x0000025800ba0000-0x0000025800ba0000), size 12189696, SharedBaseAddress: 0x0000025800000000, ArchiveRelocationMode: 1.
Compressed class space mapped at: 0x0000025801000000-0x000002581b000000, reserved size: 436207616
Narrow klass base: 0x0000025800000000, Narrow klass shift: 0, Narrow klass range: 0x100000000

GC Precious Log:
 CardTable entry size: 512
 Card Set container configuration: InlinePtr #cards 5 size 8 Array Of Cards #cards 12 size 40 Howl #buckets 4 coarsen threshold 1843 Howl Bitmap #cards 512 size 80 coarsen threshold 460 Card regions per heap region 1 cards per card region 2048
 CPUs: 16 total, 16 available
 Memory: 16004M
 Large Page Support: Disabled
 NUMA Support: Disabled
 Compressed Oops: Enabled (32-bit)
 Heap Region Size: 1M
 Heap Min Capacity: 8M
 Heap Initial Capacity: 252M
 Heap Max Capacity: 2G
 Pre-touch: Disabled
 Parallel Workers: 13
 Concurrent Workers: 3
 Concurrent Refinement Workers: 13
 Periodic GC: Disabled

Heap:
 garbage-first heap   total 135168K, used 73833K [0x0000000080000000, 0x0000000100000000)
  region size 1024K, 11 young (11264K), 8 survivors (8192K)
 Metaspace       used 72597K, committed 74944K, reserved 491520K
  class space    used 10591K, committed 11776K, reserved 425984K

Heap Regions: E=young(eden), S=young(survivor), O=old, HS=humongous(starts), HC=humongous(continues), CS=collection set, F=free, TAMS=top-at-mark-start, PB=parsable bottom
|   0|0x0000000080000000, 0x0000000080100000, 0x0000000080100000|100%|HS|  |TAMS 0x0000000080000000| PB 0x0000000080000000| Complete 
|   1|0x0000000080100000, 0x0000000080200000, 0x0000000080200000|100%|HC|  |TAMS 0x0000000080100000| PB 0x0000000080100000| Complete 
|   2|0x0000000080200000, 0x0000000080300000, 0x0000000080300000|100%|HC|  |TAMS 0x0000000080200000| PB 0x0000000080200000| Complete 
|   3|0x0000000080300000, 0x0000000080400000, 0x0000000080400000|100%|HC|  |TAMS 0x0000000080300000| PB 0x0000000080300000| Complete 
|   4|0x0000000080400000, 0x0000000080500000, 0x0000000080500000|100%| O|  |TAMS 0x0000000080400000| PB 0x0000000080400000| Untracked 
|   5|0x0000000080500000, 0x0000000080600000, 0x0000000080600000|100%| O|  |TAMS 0x0000000080500000| PB 0x0000000080500000| Untracked 
|   6|0x0000000080600000, 0x0000000080700000, 0x0000000080700000|100%| O|  |TAMS 0x0000000080600000| PB 0x0000000080600000| Untracked 
|   7|0x0000000080700000, 0x0000000080800000, 0x0000000080800000|100%|HS|  |TAMS 0x0000000080700000| PB 0x0000000080700000| Complete 
|   8|0x0000000080800000, 0x0000000080800000, 0x0000000080900000|  0%| F|  |TAMS 0x0000000080800000| PB 0x0000000080800000| Untracked 
|   9|0x0000000080900000, 0x0000000080a00000, 0x0000000080a00000|100%| O|  |TAMS 0x0000000080900000| PB 0x0000000080900000| Untracked 
|  10|0x0000000080a00000, 0x0000000080b00000, 0x0000000080b00000|100%| O|  |TAMS 0x0000000080a00000| PB 0x0000000080a00000| Untracked 
|  11|0x0000000080b00000, 0x0000000080c00000, 0x0000000080c00000|100%| O|  |TAMS 0x0000000080b00000| PB 0x0000000080b00000| Untracked 
|  12|0x0000000080c00000, 0x0000000080d00000, 0x0000000080d00000|100%| O|  |TAMS 0x0000000080c00000| PB 0x0000000080c00000| Untracked 
|  13|0x0000000080d00000, 0x0000000080e00000, 0x0000000080e00000|100%| O|  |TAMS 0x0000000080d00000| PB 0x0000000080d00000| Untracked 
|  14|0x0000000080e00000, 0x0000000080f00000, 0x0000000080f00000|100%| O|  |TAMS 0x0000000080e00000| PB 0x0000000080e00000| Untracked 
|  15|0x0000000080f00000, 0x0000000081000000, 0x0000000081000000|100%| O|  |TAMS 0x0000000080f00000| PB 0x0000000080f00000| Untracked 
|  16|0x0000000081000000, 0x0000000081100000, 0x0000000081100000|100%| O|  |TAMS 0x0000000081000000| PB 0x0000000081000000| Untracked 
|  17|0x0000000081100000, 0x0000000081200000, 0x0000000081200000|100%| O|  |TAMS 0x0000000081100000| PB 0x0000000081100000| Untracked 
|  18|0x0000000081200000, 0x0000000081300000, 0x0000000081300000|100%| O|  |TAMS 0x0000000081200000| PB 0x0000000081200000| Untracked 
|  19|0x0000000081300000, 0x0000000081400000, 0x0000000081400000|100%| O|  |TAMS 0x0000000081300000| PB 0x0000000081300000| Untracked 
|  20|0x0000000081400000, 0x0000000081500000, 0x0000000081500000|100%| O|  |TAMS 0x0000000081400000| PB 0x0000000081400000| Untracked 
|  21|0x0000000081500000, 0x0000000081600000, 0x0000000081600000|100%| O|  |TAMS 0x0000000081500000| PB 0x0000000081500000| Untracked 
|  22|0x0000000081600000, 0x0000000081700000, 0x0000000081700000|100%| O|  |TAMS 0x0000000081600000| PB 0x0000000081600000| Untracked 
|  23|0x0000000081700000, 0x0000000081800000, 0x0000000081800000|100%| O|  |TAMS 0x0000000081700000| PB 0x0000000081700000| Untracked 
|  24|0x0000000081800000, 0x0000000081900000, 0x0000000081900000|100%| O|  |TAMS 0x0000000081800000| PB 0x0000000081800000| Untracked 
|  25|0x0000000081900000, 0x0000000081a00000, 0x0000000081a00000|100%|HS|  |TAMS 0x0000000081900000| PB 0x0000000081900000| Complete 
|  26|0x0000000081a00000, 0x0000000081b00000, 0x0000000081b00000|100%|HC|  |TAMS 0x0000000081a00000| PB 0x0000000081a00000| Complete 
|  27|0x0000000081b00000, 0x0000000081c00000, 0x0000000081c00000|100%|HC|  |TAMS 0x0000000081b00000| PB 0x0000000081b00000| Complete 
|  28|0x0000000081c00000, 0x0000000081d00000, 0x0000000081d00000|100%| O|  |TAMS 0x0000000081c00000| PB 0x0000000081c00000| Untracked 
|  29|0x0000000081d00000, 0x0000000081e00000, 0x0000000081e00000|100%|HS|  |TAMS 0x0000000081d00000| PB 0x0000000081d00000| Complete 
|  30|0x0000000081e00000, 0x0000000081f00000, 0x0000000081f00000|100%|HC|  |TAMS 0x0000000081e00000| PB 0x0000000081e00000| Complete 
|  31|0x0000000081f00000, 0x0000000082000000, 0x0000000082000000|100%|HC|  |TAMS 0x0000000081f00000| PB 0x0000000081f00000| Complete 
|  32|0x0000000082000000, 0x0000000082100000, 0x0000000082100000|100%| O|  |TAMS 0x0000000082000000| PB 0x0000000082000000| Untracked 
|  33|0x0000000082100000, 0x0000000082200000, 0x0000000082200000|100%| O|  |TAMS 0x0000000082100000| PB 0x0000000082100000| Untracked 
|  34|0x0000000082200000, 0x0000000082300000, 0x0000000082300000|100%| O|  |TAMS 0x0000000082200000| PB 0x0000000082200000| Untracked 
|  35|0x0000000082300000, 0x0000000082400000, 0x0000000082400000|100%| O|  |TAMS 0x0000000082300000| PB 0x0000000082300000| Untracked 
|  36|0x0000000082400000, 0x0000000082500000, 0x0000000082500000|100%| O|  |TAMS 0x0000000082400000| PB 0x0000000082400000| Untracked 
|  37|0x0000000082500000, 0x0000000082600000, 0x0000000082600000|100%| O|  |TAMS 0x0000000082500000| PB 0x0000000082500000| Untracked 
|  38|0x0000000082600000, 0x0000000082700000, 0x0000000082700000|100%| O|  |TAMS 0x0000000082600000| PB 0x0000000082600000| Untracked 
|  39|0x0000000082700000, 0x0000000082800000, 0x0000000082800000|100%| O|  |TAMS 0x0000000082700000| PB 0x0000000082700000| Untracked 
|  40|0x0000000082800000, 0x0000000082800000, 0x0000000082900000|  0%| F|  |TAMS 0x0000000082800000| PB 0x0000000082800000| Untracked 
|  41|0x0000000082900000, 0x0000000082a00000, 0x0000000082a00000|100%| O|  |TAMS 0x0000000082900000| PB 0x0000000082900000| Untracked 
|  42|0x0000000082a00000, 0x0000000082b00000, 0x0000000082b00000|100%| O|  |TAMS 0x0000000082a00000| PB 0x0000000082a00000| Untracked 
|  43|0x0000000082b00000, 0x0000000082c00000, 0x0000000082c00000|100%| O|  |TAMS 0x0000000082b00000| PB 0x0000000082b00000| Untracked 
|  44|0x0000000082c00000, 0x0000000082d00000, 0x0000000082d00000|100%| O|  |TAMS 0x0000000082c00000| PB 0x0000000082c00000| Untracked 
|  45|0x0000000082d00000, 0x0000000082e00000, 0x0000000082e00000|100%| O|  |TAMS 0x0000000082d00000| PB 0x0000000082d00000| Untracked 
|  46|0x0000000082e00000, 0x0000000082e00000, 0x0000000082f00000|  0%| F|  |TAMS 0x0000000082e00000| PB 0x0000000082e00000| Untracked 
|  47|0x0000000082f00000, 0x0000000082f00000, 0x0000000083000000|  0%| F|  |TAMS 0x0000000082f00000| PB 0x0000000082f00000| Untracked 
|  48|0x0000000083000000, 0x0000000083000000, 0x0000000083100000|  0%| F|  |TAMS 0x0000000083000000| PB 0x0000000083000000| Untracked 
|  49|0x0000000083100000, 0x0000000083100000, 0x0000000083200000|  0%| F|  |TAMS 0x0000000083100000| PB 0x0000000083100000| Untracked 
|  50|0x0000000083200000, 0x0000000083200000, 0x0000000083300000|  0%| F|  |TAMS 0x0000000083200000| PB 0x0000000083200000| Untracked 
|  51|0x0000000083300000, 0x000000008331a550, 0x0000000083400000| 10%| O|  |TAMS 0x0000000083300000| PB 0x0000000083300000| Untracked 
|  52|0x0000000083400000, 0x0000000083400000, 0x0000000083500000|  0%| F|  |TAMS 0x0000000083400000| PB 0x0000000083400000| Untracked 
|  53|0x0000000083500000, 0x0000000083500000, 0x0000000083600000|  0%| F|  |TAMS 0x0000000083500000| PB 0x0000000083500000| Untracked 
|  54|0x0000000083600000, 0x0000000083700000, 0x0000000083700000|100%| S|CS|TAMS 0x0000000083600000| PB 0x0000000083600000| Complete 
|  55|0x0000000083700000, 0x0000000083800000, 0x0000000083800000|100%| S|CS|TAMS 0x0000000083700000| PB 0x0000000083700000| Complete 
|  56|0x0000000083800000, 0x0000000083900000, 0x0000000083900000|100%| S|CS|TAMS 0x0000000083800000| PB 0x0000000083800000| Complete 
|  57|0x0000000083900000, 0x0000000083a00000, 0x0000000083a00000|100%| S|CS|TAMS 0x0000000083900000| PB 0x0000000083900000| Complete 
|  58|0x0000000083a00000, 0x0000000083b00000, 0x0000000083b00000|100%| S|CS|TAMS 0x0000000083a00000| PB 0x0000000083a00000| Complete 
|  59|0x0000000083b00000, 0x0000000083c00000, 0x0000000083c00000|100%| S|CS|TAMS 0x0000000083b00000| PB 0x0000000083b00000| Complete 
|  60|0x0000000083c00000, 0x0000000083d00000, 0x0000000083d00000|100%| S|CS|TAMS 0x0000000083c00000| PB 0x0000000083c00000| Complete 
|  61|0x0000000083d00000, 0x0000000083e00000, 0x0000000083e00000|100%| S|CS|TAMS 0x0000000083d00000| PB 0x0000000083d00000| Complete 
|  62|0x0000000083e00000, 0x0000000083e00000, 0x0000000083f00000|  0%| F|  |TAMS 0x0000000083e00000| PB 0x0000000083e00000| Untracked 
|  63|0x0000000083f00000, 0x0000000083f00000, 0x0000000084000000|  0%| F|  |TAMS 0x0000000083f00000| PB 0x0000000083f00000| Untracked 
|  64|0x0000000084000000, 0x0000000084000000, 0x0000000084100000|  0%| F|  |TAMS 0x0000000084000000| PB 0x0000000084000000| Untracked 
|  65|0x0000000084100000, 0x0000000084100000, 0x0000000084200000|  0%| F|  |TAMS 0x0000000084100000| PB 0x0000000084100000| Untracked 
|  66|0x0000000084200000, 0x0000000084200000, 0x0000000084300000|  0%| F|  |TAMS 0x0000000084200000| PB 0x0000000084200000| Untracked 
|  67|0x0000000084300000, 0x0000000084300000, 0x0000000084400000|  0%| F|  |TAMS 0x0000000084300000| PB 0x0000000084300000| Untracked 
|  68|0x0000000084400000, 0x0000000084400000, 0x0000000084500000|  0%| F|  |TAMS 0x0000000084400000| PB 0x0000000084400000| Untracked 
|  69|0x0000000084500000, 0x0000000084500000, 0x0000000084600000|  0%| F|  |TAMS 0x0000000084500000| PB 0x0000000084500000| Untracked 
|  70|0x0000000084600000, 0x0000000084600000, 0x0000000084700000|  0%| F|  |TAMS 0x0000000084600000| PB 0x0000000084600000| Untracked 
|  71|0x0000000084700000, 0x0000000084700000, 0x0000000084800000|  0%| F|  |TAMS 0x0000000084700000| PB 0x0000000084700000| Untracked 
|  72|0x0000000084800000, 0x0000000084800000, 0x0000000084900000|  0%| F|  |TAMS 0x0000000084800000| PB 0x0000000084800000| Untracked 
|  73|0x0000000084900000, 0x0000000084900000, 0x0000000084a00000|  0%| F|  |TAMS 0x0000000084900000| PB 0x0000000084900000| Untracked 
|  74|0x0000000084a00000, 0x0000000084a00000, 0x0000000084b00000|  0%| F|  |TAMS 0x0000000084a00000| PB 0x0000000084a00000| Untracked 
|  75|0x0000000084b00000, 0x0000000084b00000, 0x0000000084c00000|  0%| F|  |TAMS 0x0000000084b00000| PB 0x0000000084b00000| Untracked 
|  76|0x0000000084c00000, 0x0000000084c00000, 0x0000000084d00000|  0%| F|  |TAMS 0x0000000084c00000| PB 0x0000000084c00000| Untracked 
|  77|0x0000000084d00000, 0x0000000084d00000, 0x0000000084e00000|  0%| F|  |TAMS 0x0000000084d00000| PB 0x0000000084d00000| Untracked 
|  78|0x0000000084e00000, 0x0000000084e00000, 0x0000000084f00000|  0%| F|  |TAMS 0x0000000084e00000| PB 0x0000000084e00000| Untracked 
|  79|0x0000000084f00000, 0x0000000084f00000, 0x0000000085000000|  0%| F|  |TAMS 0x0000000084f00000| PB 0x0000000084f00000| Untracked 
|  80|0x0000000085000000, 0x0000000085000000, 0x0000000085100000|  0%| F|  |TAMS 0x0000000085000000| PB 0x0000000085000000| Untracked 
|  81|0x0000000085100000, 0x0000000085100000, 0x0000000085200000|  0%| F|  |TAMS 0x0000000085100000| PB 0x0000000085100000| Untracked 
|  82|0x0000000085200000, 0x0000000085200000, 0x0000000085300000|  0%| F|  |TAMS 0x0000000085200000| PB 0x0000000085200000| Untracked 
|  83|0x0000000085300000, 0x0000000085300000, 0x0000000085400000|  0%| F|  |TAMS 0x0000000085300000| PB 0x0000000085300000| Untracked 
|  84|0x0000000085400000, 0x0000000085400000, 0x0000000085500000|  0%| F|  |TAMS 0x0000000085400000| PB 0x0000000085400000| Untracked 
|  85|0x0000000085500000, 0x0000000085500000, 0x0000000085600000|  0%| F|  |TAMS 0x0000000085500000| PB 0x0000000085500000| Untracked 
|  86|0x0000000085600000, 0x0000000085600000, 0x0000000085700000|  0%| F|  |TAMS 0x0000000085600000| PB 0x0000000085600000| Untracked 
|  87|0x0000000085700000, 0x0000000085700000, 0x0000000085800000|  0%| F|  |TAMS 0x0000000085700000| PB 0x0000000085700000| Untracked 
|  88|0x0000000085800000, 0x0000000085800000, 0x0000000085900000|  0%| F|  |TAMS 0x0000000085800000| PB 0x0000000085800000| Untracked 
|  89|0x0000000085900000, 0x0000000085900000, 0x0000000085a00000|  0%| F|  |TAMS 0x0000000085900000| PB 0x0000000085900000| Untracked 
|  90|0x0000000085a00000, 0x0000000085a00000, 0x0000000085b00000|  0%| F|  |TAMS 0x0000000085a00000| PB 0x0000000085a00000| Untracked 
|  91|0x0000000085b00000, 0x0000000085b00000, 0x0000000085c00000|  0%| F|  |TAMS 0x0000000085b00000| PB 0x0000000085b00000| Untracked 
|  92|0x0000000085c00000, 0x0000000085c00000, 0x0000000085d00000|  0%| F|  |TAMS 0x0000000085c00000| PB 0x0000000085c00000| Untracked 
|  93|0x0000000085d00000, 0x0000000085d00000, 0x0000000085e00000|  0%| F|  |TAMS 0x0000000085d00000| PB 0x0000000085d00000| Untracked 
|  94|0x0000000085e00000, 0x0000000085e00000, 0x0000000085f00000|  0%| F|  |TAMS 0x0000000085e00000| PB 0x0000000085e00000| Untracked 
|  95|0x0000000085f00000, 0x0000000085f00000, 0x0000000086000000|  0%| F|  |TAMS 0x0000000085f00000| PB 0x0000000085f00000| Untracked 
|  96|0x0000000086000000, 0x0000000086000000, 0x0000000086100000|  0%| F|  |TAMS 0x0000000086000000| PB 0x0000000086000000| Untracked 
|  97|0x0000000086100000, 0x0000000086100000, 0x0000000086200000|  0%| F|  |TAMS 0x0000000086100000| PB 0x0000000086100000| Untracked 
|  98|0x0000000086200000, 0x0000000086200000, 0x0000000086300000|  0%| F|  |TAMS 0x0000000086200000| PB 0x0000000086200000| Untracked 
|  99|0x0000000086300000, 0x0000000086300000, 0x0000000086400000|  0%| F|  |TAMS 0x0000000086300000| PB 0x0000000086300000| Untracked 
| 100|0x0000000086400000, 0x0000000086400000, 0x0000000086500000|  0%| F|  |TAMS 0x0000000086400000| PB 0x0000000086400000| Untracked 
| 101|0x0000000086500000, 0x0000000086500000, 0x0000000086600000|  0%| F|  |TAMS 0x0000000086500000| PB 0x0000000086500000| Untracked 
| 102|0x0000000086600000, 0x0000000086600000, 0x0000000086700000|  0%| F|  |TAMS 0x0000000086600000| PB 0x0000000086600000| Untracked 
| 103|0x0000000086700000, 0x0000000086700000, 0x0000000086800000|  0%| F|  |TAMS 0x0000000086700000| PB 0x0000000086700000| Untracked 
| 104|0x0000000086800000, 0x0000000086800000, 0x0000000086900000|  0%| F|  |TAMS 0x0000000086800000| PB 0x0000000086800000| Untracked 
| 105|0x0000000086900000, 0x0000000086900000, 0x0000000086a00000|  0%| F|  |TAMS 0x0000000086900000| PB 0x0000000086900000| Untracked 
| 106|0x0000000086a00000, 0x0000000086a00000, 0x0000000086b00000|  0%| F|  |TAMS 0x0000000086a00000| PB 0x0000000086a00000| Untracked 
| 107|0x0000000086b00000, 0x0000000086b00000, 0x0000000086c00000|  0%| F|  |TAMS 0x0000000086b00000| PB 0x0000000086b00000| Untracked 
| 108|0x0000000086c00000, 0x0000000086c00000, 0x0000000086d00000|  0%| F|  |TAMS 0x0000000086c00000| PB 0x0000000086c00000| Untracked 
| 109|0x0000000086d00000, 0x0000000086d00000, 0x0000000086e00000|  0%| F|  |TAMS 0x0000000086d00000| PB 0x0000000086d00000| Untracked 
| 110|0x0000000086e00000, 0x0000000086e00000, 0x0000000086f00000|  0%| F|  |TAMS 0x0000000086e00000| PB 0x0000000086e00000| Untracked 
| 111|0x0000000086f00000, 0x0000000086fdfd88, 0x0000000087000000| 87%| E|  |TAMS 0x0000000086f00000| PB 0x0000000086f00000| Complete 
| 251|0x000000008fb00000, 0x000000008fc00000, 0x000000008fc00000|100%| E|CS|TAMS 0x000000008fb00000| PB 0x000000008fb00000| Complete 
|2029|0x00000000fed00000, 0x00000000fee00000, 0x00000000fee00000|100%| O|  |TAMS 0x00000000fed00000| PB 0x00000000fed00000| Untracked 
|2030|0x00000000fee00000, 0x00000000fef00000, 0x00000000fef00000|100%| O|  |TAMS 0x00000000fee00000| PB 0x00000000fee00000| Untracked 
|2031|0x00000000fef00000, 0x00000000ff000000, 0x00000000ff000000|100%| E|CS|TAMS 0x00000000fef00000| PB 0x00000000fef00000| Complete 
|2032|0x00000000ff000000, 0x00000000ff100000, 0x00000000ff100000|100%| O|  |TAMS 0x00000000ff000000| PB 0x00000000ff000000| Untracked 
|2033|0x00000000ff100000, 0x00000000ff200000, 0x00000000ff200000|100%| O|  |TAMS 0x00000000ff100000| PB 0x00000000ff100000| Untracked 
|2034|0x00000000ff200000, 0x00000000ff300000, 0x00000000ff300000|100%| O|  |TAMS 0x00000000ff200000| PB 0x00000000ff200000| Untracked 
|2035|0x00000000ff300000, 0x00000000ff400000, 0x00000000ff400000|100%| O|  |TAMS 0x00000000ff300000| PB 0x00000000ff300000| Untracked 
|2036|0x00000000ff400000, 0x00000000ff500000, 0x00000000ff500000|100%| O|  |TAMS 0x00000000ff400000| PB 0x00000000ff400000| Untracked 
|2037|0x00000000ff500000, 0x00000000ff600000, 0x00000000ff600000|100%| O|  |TAMS 0x00000000ff500000| PB 0x00000000ff500000| Untracked 
|2038|0x00000000ff600000, 0x00000000ff700000, 0x00000000ff700000|100%| O|  |TAMS 0x00000000ff600000| PB 0x00000000ff600000| Untracked 
|2039|0x00000000ff700000, 0x00000000ff800000, 0x00000000ff800000|100%| O|  |TAMS 0x00000000ff700000| PB 0x00000000ff700000| Untracked 
|2040|0x00000000ff800000, 0x00000000ff900000, 0x00000000ff900000|100%| O|  |TAMS 0x00000000ff800000| PB 0x00000000ff800000| Untracked 
|2041|0x00000000ff900000, 0x00000000ffa00000, 0x00000000ffa00000|100%| O|  |TAMS 0x00000000ff900000| PB 0x00000000ff900000| Untracked 
|2042|0x00000000ffa00000, 0x00000000ffb00000, 0x00000000ffb00000|100%| O|  |TAMS 0x00000000ffa00000| PB 0x00000000ffa00000| Untracked 
|2043|0x00000000ffb00000, 0x00000000ffc00000, 0x00000000ffc00000|100%| O|  |TAMS 0x00000000ffb00000| PB 0x00000000ffb00000| Untracked 
|2044|0x00000000ffc00000, 0x00000000ffd00000, 0x00000000ffd00000|100%| O|  |TAMS 0x00000000ffc00000| PB 0x00000000ffc00000| Untracked 
|2045|0x00000000ffd00000, 0x00000000ffe00000, 0x00000000ffe00000|100%| O|  |TAMS 0x00000000ffd00000| PB 0x00000000ffd00000| Untracked 
|2046|0x00000000ffe00000, 0x00000000fff00000, 0x00000000fff00000|100%| O|  |TAMS 0x00000000ffe00000| PB 0x00000000ffe00000| Untracked 
|2047|0x00000000fff00000, 0x0000000100000000, 0x0000000100000000|100%| O|  |TAMS 0x00000000fff00000| PB 0x00000000fff00000| Untracked 

Card table byte_map: [0x0000025877490000,0x0000025877890000] _byte_map_base: 0x0000025877090000

Marking Bits: (CMBitMap*) 0x000002586466ab40
 Bits: [0x0000025877890000, 0x0000025879890000)

Polling page: 0x00000258621a0000

Metaspace:

Usage:
  Non-class:     60.55 MB used.
      Class:     10.34 MB used.
       Both:     70.90 MB used.

Virtual space:
  Non-class space:       64.00 MB reserved,      61.69 MB ( 96%) committed,  1 nodes.
      Class space:      416.00 MB reserved,      11.50 MB (  3%) committed,  1 nodes.
             Both:      480.00 MB reserved,      73.19 MB ( 15%) committed. 

Chunk freelists:
   Non-Class:  1.71 MB
       Class:  4.56 MB
        Both:  6.27 MB

MaxMetaspaceSize: 512.00 MB
CompressedClassSpaceSize: 416.00 MB
Initial GC threshold: 21.00 MB
Current GC threshold: 113.69 MB
CDS: on
 - commit_granule_bytes: 65536.
 - commit_granule_words: 8192.
 - virtual_space_node_default_size: 8388608.
 - enlarge_chunks_in_place: 1.
 - use_allocation_guard: 0.


Internal statistics:

num_allocs_failed_limit: 19.
num_arena_births: 4150.
num_arena_deaths: 0.
num_vsnodes_births: 2.
num_vsnodes_deaths: 0.
num_space_committed: 1171.
num_space_uncommitted: 0.
num_chunks_returned_to_freelist: 19.
num_chunks_taken_from_freelist: 7716.
num_chunk_merges: 13.
num_chunk_splits: 5021.
num_chunks_enlarged: 3065.
num_inconsistent_stats: 0.

CodeHeap 'non-profiled nmethods': size=119168Kb used=4628Kb max_used=4829Kb free=114539Kb
 bounds [0x000002586f3b0000, 0x000002586f870000, 0x0000025876810000]
CodeHeap 'profiled nmethods': size=119104Kb used=16622Kb max_used=16622Kb free=102481Kb
 bounds [0x0000025867810000, 0x0000025868850000, 0x000002586ec60000]
CodeHeap 'non-nmethods': size=7488Kb used=1961Kb max_used=3711Kb free=5526Kb
 bounds [0x000002586ec60000, 0x000002586f020000, 0x000002586f3b0000]
CodeCache: size=245760Kb, used=23211Kb, max_used=25162Kb, free=222546Kb
 total_blobs=9586, nmethods=8763, adapters=726, full_count=0
Compilation: enabled, stopped_count=0, restarted_count=0

Compilation events (20 events):
Event: 24.567 Thread 0x0000025821dbf0f0 nmethod 9818 0x00000258683e4d90 code [0x00000258683e4f40, 0x00000258683e5080]
Event: 24.567 Thread 0x0000025821dbf0f0 9822       3       org.apache.tools.ant.PropertyHelper::getDelegates (24 bytes)
Event: 24.567 Thread 0x000002587c853220 nmethod 9820 0x00000258687dcb90 code [0x00000258687dcd80, 0x00000258687dd2c8]
Event: 24.567 Thread 0x000002587c853220 9823       3       org.apache.tools.ant.Project::setPropertyInternal (12 bytes)
Event: 24.568 Thread 0x0000025821dbf0f0 nmethod 9822 0x00000258687dd410 code [0x00000258687dd5e0, 0x00000258687dd960]
Event: 24.568 Thread 0x0000025821dbf7c0 nmethod 9821 0x00000258687dda90 code [0x00000258687ddca0, 0x00000258687de258]
Event: 24.568 Thread 0x000002587c853220 nmethod 9823 0x00000258687de410 code [0x00000258687de5c0, 0x00000258687de768]
Event: 24.568 Thread 0x0000025821dbf7c0 9824   !   3       org.apache.tools.ant.PropertyHelper::setProperty (238 bytes)
Event: 24.568 Thread 0x0000025821dbc140 nmethod 9819 0x00000258687de890 code [0x00000258687deb40, 0x00000258687df590]
Event: 24.568 Thread 0x0000025821dbf0f0 9825  s    3       java.util.Hashtable::containsKey (65 bytes)
Event: 24.568 Thread 0x0000025821dbf0f0 nmethod 9825 0x00000258687dfb10 code [0x00000258687dfd00, 0x00000258687e0248]
Event: 24.569 Thread 0x0000025821dbf7c0 nmethod 9824 0x00000258687e0410 code [0x00000258687e0900, 0x00000258687e2ab8]
Event: 24.569 Thread 0x0000025821dbf0f0 9826       3       java.lang.invoke.LambdaForm$MH/0x00000258016c9800::invoke (53 bytes)
Event: 24.569 Thread 0x0000025821dbf0f0 nmethod 9826 0x00000258687e3a10 code [0x00000258687e3c20, 0x00000258687e4438]
Event: 24.571 Thread 0x0000025821dbf0f0 9827       1       org.gradle.api.internal.provider.DefaultValueSourceProviderFactory::access$600 (5 bytes)
Event: 24.571 Thread 0x0000025821dbf0f0 nmethod 9827 0x000002586f566c90 code [0x000002586f566e20, 0x000002586f566ed0]
Event: 25.402 Thread 0x0000025821dbf7c0 9828       3       javax.management.ObjectName::setCanonicalName (251 bytes)
Event: 25.402 Thread 0x0000025821dbf0f0 9829       3       java.util.HashMap$HashMapSpliterator::getFence (53 bytes)
Event: 25.402 Thread 0x0000025821dbf0f0 nmethod 9829 0x00000258687e4610 code [0x00000258687e47c0, 0x00000258687e4968]
Event: 26.580 Thread 0x0000025821dbf7c0 nmethod 9828 0x00000258687e4a90 code [0x00000258687e4d20, 0x00000258687e5cc8]

GC Heap History (20 events):
Event: 12.735 GC heap before
{Heap before GC invocations=9 (full 0):
 garbage-first heap   total 107520K, used 87009K [0x0000000080000000, 0x0000000100000000)
  region size 1024K, 56 young (57344K), 7 survivors (7168K)
 Metaspace       used 43115K, committed 44928K, reserved 491520K
  class space    used 6375K, committed 7296K, reserved 425984K
}
Event: 12.741 GC heap after
{Heap after GC invocations=10 (full 0):
 garbage-first heap   total 107520K, used 38673K [0x0000000080000000, 0x0000000100000000)
  region size 1024K, 3 young (3072K), 3 survivors (3072K)
 Metaspace       used 43115K, committed 44928K, reserved 491520K
  class space    used 6375K, committed 7296K, reserved 425984K
}
Event: 14.016 GC heap before
{Heap before GC invocations=10 (full 0):
 garbage-first heap   total 107520K, used 88849K [0x0000000080000000, 0x0000000100000000)
  region size 1024K, 52 young (53248K), 3 survivors (3072K)
 Metaspace       used 48207K, committed 50048K, reserved 491520K
  class space    used 7173K, committed 8064K, reserved 425984K
}
Event: 14.021 GC heap after
{Heap after GC invocations=11 (full 0):
 garbage-first heap   total 107520K, used 41258K [0x0000000080000000, 0x0000000100000000)
  region size 1024K, 5 young (5120K), 5 survivors (5120K)
 Metaspace       used 48207K, committed 50048K, reserved 491520K
  class space    used 7173K, committed 8064K, reserved 425984K
}
Event: 14.640 GC heap before
{Heap before GC invocations=11 (full 0):
 garbage-first heap   total 107520K, used 91434K [0x0000000080000000, 0x0000000100000000)
  region size 1024K, 54 young (55296K), 5 survivors (5120K)
 Metaspace       used 51158K, committed 53056K, reserved 491520K
  class space    used 7563K, committed 8512K, reserved 425984K
}
Event: 14.644 GC heap after
{Heap after GC invocations=12 (full 0):
 garbage-first heap   total 107520K, used 43342K [0x0000000080000000, 0x0000000100000000)
  region size 1024K, 6 young (6144K), 6 survivors (6144K)
 Metaspace       used 51158K, committed 53056K, reserved 491520K
  class space    used 7563K, committed 8512K, reserved 425984K
}
Event: 15.965 GC heap before
{Heap before GC invocations=12 (full 0):
 garbage-first heap   total 107520K, used 92494K [0x0000000080000000, 0x0000000100000000)
  region size 1024K, 54 young (55296K), 6 survivors (6144K)
 Metaspace       used 55840K, committed 57856K, reserved 491520K
  class space    used 8284K, committed 9216K, reserved 425984K
}
Event: 15.971 GC heap after
{Heap after GC invocations=13 (full 0):
 garbage-first heap   total 107520K, used 48141K [0x0000000080000000, 0x0000000100000000)
  region size 1024K, 7 young (7168K), 7 survivors (7168K)
 Metaspace       used 55840K, committed 57856K, reserved 491520K
  class space    used 8284K, committed 9216K, reserved 425984K
}
Event: 16.967 GC heap before
{Heap before GC invocations=13 (full 0):
 garbage-first heap   total 107520K, used 98317K [0x0000000080000000, 0x0000000100000000)
  region size 1024K, 51 young (52224K), 7 survivors (7168K)
 Metaspace       used 57548K, committed 59648K, reserved 491520K
  class space    used 8468K, committed 9472K, reserved 425984K
}
Event: 16.972 GC heap after
{Heap after GC invocations=14 (full 0):
 garbage-first heap   total 112640K, used 60196K [0x0000000080000000, 0x0000000100000000)
  region size 1024K, 7 young (7168K), 7 survivors (7168K)
 Metaspace       used 57548K, committed 59648K, reserved 491520K
  class space    used 8468K, committed 9472K, reserved 425984K
}
Event: 17.167 GC heap before
{Heap before GC invocations=14 (full 0):
 garbage-first heap   total 112640K, used 72484K [0x0000000080000000, 0x0000000100000000)
  region size 1024K, 20 young (20480K), 7 survivors (7168K)
 Metaspace       used 58691K, committed 60800K, reserved 491520K
  class space    used 8615K, committed 9664K, reserved 425984K
}
Event: 17.171 GC heap after
{Heap after GC invocations=15 (full 0):
 garbage-first heap   total 112640K, used 61529K [0x0000000080000000, 0x0000000100000000)
  region size 1024K, 2 young (2048K), 2 survivors (2048K)
 Metaspace       used 58691K, committed 60800K, reserved 491520K
  class space    used 8615K, committed 9664K, reserved 425984K
}
Event: 17.825 GC heap before
{Heap before GC invocations=16 (full 0):
 garbage-first heap   total 112640K, used 100441K [0x0000000080000000, 0x0000000100000000)
  region size 1024K, 40 young (40960K), 2 survivors (2048K)
 Metaspace       used 62113K, committed 64256K, reserved 491520K
  class space    used 9085K, committed 10112K, reserved 425984K
}
Event: 17.827 GC heap after
{Heap after GC invocations=17 (full 0):
 garbage-first heap   total 112640K, used 63200K [0x0000000080000000, 0x0000000100000000)
  region size 1024K, 3 young (3072K), 3 survivors (3072K)
 Metaspace       used 62113K, committed 64256K, reserved 491520K
  class space    used 9085K, committed 10112K, reserved 425984K
}
Event: 18.370 GC heap before
{Heap before GC invocations=17 (full 0):
 garbage-first heap   total 112640K, used 101088K [0x0000000080000000, 0x0000000100000000)
  region size 1024K, 40 young (40960K), 3 survivors (3072K)
 Metaspace       used 64982K, committed 67200K, reserved 491520K
  class space    used 9554K, committed 10624K, reserved 425984K
}
Event: 18.375 GC heap after
{Heap after GC invocations=18 (full 0):
 garbage-first heap   total 112640K, used 63589K [0x0000000080000000, 0x0000000100000000)
  region size 1024K, 4 young (4096K), 4 survivors (4096K)
 Metaspace       used 64982K, committed 67200K, reserved 491520K
  class space    used 9554K, committed 10624K, reserved 425984K
}
Event: 18.961 GC heap before
{Heap before GC invocations=18 (full 0):
 garbage-first heap   total 112640K, used 96357K [0x0000000080000000, 0x0000000100000000)
  region size 1024K, 37 young (37888K), 4 survivors (4096K)
 Metaspace       used 67237K, committed 69440K, reserved 491520K
  class space    used 9901K, committed 10944K, reserved 425984K
}
Event: 18.966 GC heap after
{Heap after GC invocations=19 (full 0):
 garbage-first heap   total 112640K, used 64999K [0x0000000080000000, 0x0000000100000000)
  region size 1024K, 3 young (3072K), 3 survivors (3072K)
 Metaspace       used 67237K, committed 69440K, reserved 491520K
  class space    used 9901K, committed 10944K, reserved 425984K
}
Event: 22.490 GC heap before
{Heap before GC invocations=20 (full 0):
 garbage-first heap   total 112640K, used 103911K [0x0000000080000000, 0x0000000100000000)
  region size 1024K, 41 young (41984K), 3 survivors (3072K)
 Metaspace       used 70054K, committed 72320K, reserved 491520K
  class space    used 10292K, committed 11392K, reserved 425984K
}
Event: 22.493 GC heap after
{Heap after GC invocations=21 (full 0):
 garbage-first heap   total 135168K, used 66815K [0x0000000080000000, 0x0000000100000000)
  region size 1024K, 5 young (5120K), 5 survivors (5120K)
 Metaspace       used 70054K, committed 72320K, reserved 491520K
  class space    used 10292K, committed 11392K, reserved 425984K
}

Dll operation events (14 events):
Event: 0.019 Loaded shared library C:\Users\subha\.vscode\extensions\redhat.java-1.55.0-win32-x64\jre\21.0.11-win32-x86_64\bin\java.dll
Event: 0.137 Loaded shared library C:\Users\subha\.vscode\extensions\redhat.java-1.55.0-win32-x64\jre\21.0.11-win32-x86_64\bin\zip.dll
Event: 0.205 Loaded shared library C:\Users\subha\.vscode\extensions\redhat.java-1.55.0-win32-x64\jre\21.0.11-win32-x86_64\bin\instrument.dll
Event: 0.218 Loaded shared library C:\Users\subha\.vscode\extensions\redhat.java-1.55.0-win32-x64\jre\21.0.11-win32-x86_64\bin\net.dll
Event: 0.223 Loaded shared library C:\Users\subha\.vscode\extensions\redhat.java-1.55.0-win32-x64\jre\21.0.11-win32-x86_64\bin\nio.dll
Event: 0.229 Loaded shared library C:\Users\subha\.vscode\extensions\redhat.java-1.55.0-win32-x64\jre\21.0.11-win32-x86_64\bin\zip.dll
Event: 0.888 Loaded shared library C:\Users\subha\.vscode\extensions\redhat.java-1.55.0-win32-x64\jre\21.0.11-win32-x86_64\bin\jimage.dll
Event: 1.378 Loaded shared library C:\Users\subha\.vscode\extensions\redhat.java-1.55.0-win32-x64\jre\21.0.11-win32-x86_64\bin\verify.dll
Event: 1.446 Loaded shared library C:\Users\subha\.gradle\native\660c5614fbf4a5f2a75b1949f50a0caf5cd603558e7d8a26e50b933a0cfb79d1\windows-amd64\native-platform.dll
Event: 1.462 Loaded shared library C:\Users\subha\.gradle\native\0.2.8\x86_64-windows-gnu\gradle-fileevents.dll
Event: 3.307 Loaded shared library C:\Users\subha\.vscode\extensions\redhat.java-1.55.0-win32-x64\jre\21.0.11-win32-x86_64\bin\management.dll
Event: 3.314 Loaded shared library C:\Users\subha\.vscode\extensions\redhat.java-1.55.0-win32-x64\jre\21.0.11-win32-x86_64\bin\management_ext.dll
Event: 3.624 Loaded shared library C:\Users\subha\.vscode\extensions\redhat.java-1.55.0-win32-x64\jre\21.0.11-win32-x86_64\bin\extnet.dll
Event: 4.040 Loaded shared library C:\Users\subha\.vscode\extensions\redhat.java-1.55.0-win32-x64\jre\21.0.11-win32-x86_64\bin\sunmscapi.dll

Deoptimization events (20 events):
Event: 22.949 Thread 0x000002587e7f59c0 DEOPT PACKING pc=0x0000025867f26d06 sp=0x000000fa564f4d40
Event: 22.949 Thread 0x000002587e7f59c0 DEOPT UNPACKING pc=0x000002586ecb4bc2 sp=0x000000fa564f4228 mode 0
Event: 22.954 Thread 0x000002587e7f59c0 DEOPT PACKING pc=0x0000025867f26d06 sp=0x000000fa564f4d40
Event: 22.954 Thread 0x000002587e7f59c0 DEOPT UNPACKING pc=0x000002586ecb4bc2 sp=0x000000fa564f4228 mode 0
Event: 22.955 Thread 0x000002587e7f59c0 Uncommon trap: trap_request=0xffffff45 fr.pc=0x000002586f48113c relative=0x000000000000065c
Event: 22.955 Thread 0x000002587e7f59c0 Uncommon trap: reason=unstable_if action=reinterpret pc=0x000002586f48113c method=java.lang.String.replace(CC)Ljava/lang/String; @ 2 c2
Event: 22.955 Thread 0x000002587e7f59c0 DEOPT PACKING pc=0x000002586f48113c sp=0x000000fa564f4e40
Event: 22.955 Thread 0x000002587e7f59c0 DEOPT UNPACKING pc=0x000002586ecb4422 sp=0x000000fa564f4e00 mode 2
Event: 23.232 Thread 0x000002587e7f59c0 Uncommon trap: trap_request=0xffffff45 fr.pc=0x000002586f725b9c relative=0x000000000000177c
Event: 23.232 Thread 0x000002587e7f59c0 Uncommon trap: reason=unstable_if action=reinterpret pc=0x000002586f725b9c method=java.util.concurrent.ConcurrentHashMap.computeIfAbsent(Ljava/lang/Object;Ljava/util/function/Function;)Ljava/lang/Object; @ 364 c2
Event: 23.232 Thread 0x000002587e7f59c0 DEOPT PACKING pc=0x000002586f725b9c sp=0x000000fa564f69c0
Event: 23.232 Thread 0x000002587e7f59c0 DEOPT UNPACKING pc=0x000002586ecb4422 sp=0x000000fa564f6950 mode 2
Event: 23.328 Thread 0x000002587e7f59c0 Uncommon trap: trap_request=0xffffff45 fr.pc=0x000002586f861e24 relative=0x0000000000000704
Event: 23.328 Thread 0x000002587e7f59c0 Uncommon trap: reason=unstable_if action=reinterpret pc=0x000002586f861e24 method=java.util.concurrent.ConcurrentHashMap.addCount(JI)V @ 110 c2
Event: 23.328 Thread 0x000002587e7f59c0 DEOPT PACKING pc=0x000002586f861e24 sp=0x000000fa564f4cc0
Event: 23.328 Thread 0x000002587e7f59c0 DEOPT UNPACKING pc=0x000002586ecb4422 sp=0x000000fa564f4b88 mode 2
Event: 23.332 Thread 0x000002587e7f59c0 Uncommon trap: trap_request=0xffffff45 fr.pc=0x000002586f812bd4 relative=0x00000000000000f4
Event: 23.332 Thread 0x000002587e7f59c0 Uncommon trap: reason=unstable_if action=reinterpret pc=0x000002586f812bd4 method=java.util.concurrent.ConcurrentHashMap.addCount(JI)V @ 110 c2
Event: 23.332 Thread 0x000002587e7f59c0 DEOPT PACKING pc=0x000002586f812bd4 sp=0x000000fa564f5280
Event: 23.332 Thread 0x000002587e7f59c0 DEOPT UNPACKING pc=0x000002586ecb4422 sp=0x000000fa564f51b8 mode 2

Classes loaded (20 events):
Event: 22.876 Loading class org/xml/sax/Attributes
Event: 22.876 Loading class org/xml/sax/Attributes done
Event: 22.895 Loading class java/lang/StringIndexOutOfBoundsException
Event: 22.896 Loading class java/lang/StringIndexOutOfBoundsException done
Event: 22.910 Loading class org/xml/sax/ContentHandler
Event: 22.910 Loading class org/xml/sax/ContentHandler done
Event: 22.910 Loading class org/xml/sax/EntityResolver
Event: 22.910 Loading class org/xml/sax/EntityResolver done
Event: 22.910 Loading class org/xml/sax/DTDHandler
Event: 22.910 Loading class org/xml/sax/DTDHandler done
Event: 22.912 Loading class java/util/function/BooleanSupplier
Event: 22.912 Loading class java/util/function/BooleanSupplier done
Event: 22.923 Loading class java/io/FileWriter
Event: 22.923 Loading class java/io/FileWriter done
Event: 22.926 Loading class java/util/Spliterators$IntArraySpliterator
Event: 22.926 Loading class java/util/Spliterators$IntArraySpliterator done
Event: 22.931 Loading class java/text/ParsePosition
Event: 22.931 Loading class java/text/ParsePosition done
Event: 22.943 Loading class java/text/CharacterIterator
Event: 22.943 Loading class java/text/CharacterIterator done

Classes unloaded (0 events):
No events

Classes redefined (0 events):
No events

Internal exceptions (20 events):
Event: 19.260 Thread 0x000002587e7f59c0 Exception <a 'java/lang/ClassNotFoundException'{0x000000008658b308}: org/jetbrains/kotlin/gradle/targets/js/npm/DefaultPeerNpmDependencyExtensionBeanInfo> (0x000000008658b308) 
thrown [s\src\hotspot\share\classfile\systemDictionary.cpp, line 313]
Event: 19.261 Thread 0x000002587e7f59c0 Exception <a 'java/lang/ClassNotFoundException'{0x000000008659f900}: org/jetbrains/kotlin/gradle/targets/js/npm/DefaultPeerNpmDependencyExtensionCustomizer> (0x000000008659f900) 
thrown [s\src\hotspot\share\classfile\systemDictionary.cpp, line 313]
Event: 19.266 Thread 0x000002587e7f59c0 Exception <a 'java/lang/ClassNotFoundException'{0x00000000865f3398}: org/jetbrains/kotlin/gradle/targets/js/npm/DefaultPeerNpmDependencyExtension$delegate$1BeanInfo> (0x00000000865f3398) 
thrown [s\src\hotspot\share\classfile\systemDictionary.cpp, line 313]
Event: 19.267 Thread 0x000002587e7f59c0 Exception <a 'java/lang/ClassNotFoundException'{0x0000000086408088}: org/jetbrains/kotlin/gradle/targets/js/npm/DefaultPeerNpmDependencyExtension$delegate$1Customizer> (0x0000000086408088) 
thrown [s\src\hotspot\share\classfile\systemDictionary.cpp, line 313]
Event: 22.852 Thread 0x000002587e7f59c0 Exception <a 'java/lang/ClassNotFoundException'{0x0000000085e437d8}: org/gradle/api/internal/project/DefaultProject_DecoratedBeanInfo> (0x0000000085e437d8) 
thrown [s\src\hotspot\share\classfile\systemDictionary.cpp, line 313]
Event: 22.854 Thread 0x000002587e7f59c0 Exception <a 'java/lang/ClassNotFoundException'{0x0000000085e62ff0}: org/gradle/api/internal/project/DefaultProjectBeanInfo> (0x0000000085e62ff0) 
thrown [s\src\hotspot\share\classfile\systemDictionary.cpp, line 313]
Event: 22.856 Thread 0x000002587e7f59c0 Exception <a 'java/lang/ClassNotFoundException'{0x0000000085e82438}: org/gradle/api/internal/project/DefaultProjectCustomizer> (0x0000000085e82438) 
thrown [s\src\hotspot\share\classfile\systemDictionary.cpp, line 313]
Event: 22.868 Thread 0x000002587e7f59c0 Exception <a 'java/lang/ClassNotFoundException'{0x0000000085d49248}: org/gradle/api/internal/project/DefaultProject_DecoratedCustomizer> (0x0000000085d49248) 
thrown [s\src\hotspot\share\classfile\systemDictionary.cpp, line 313]
Event: 22.911 Thread 0x000002587e7f59c0 Exception <a 'java/lang/IncompatibleClassChangeError'{0x0000000085cb04b0}: Found class java.lang.Object, but interface was expected> (0x0000000085cb04b0) 
thrown [s\src\hotspot\share\interpreter\linkResolver.cpp, line 840]
Event: 22.965 Thread 0x000002587e7f59c0 Exception <a 'java/lang/ClassNotFoundException'{0x0000000085a6cbd8}: org/gradle/api/internal/project/DefaultAntBuilderBeanInfo> (0x0000000085a6cbd8) 
thrown [s\src\hotspot\share\classfile\systemDictionary.cpp, line 313]
Event: 22.966 Thread 0x000002587e7f59c0 Exception <a 'java/lang/ClassNotFoundException'{0x0000000085a8cf18}: org/gradle/api/internal/project/ant/BasicAntBuilderBeanInfo> (0x0000000085a8cf18) 
thrown [s\src\hotspot\share\classfile\systemDictionary.cpp, line 313]
Event: 22.968 Thread 0x000002587e7f59c0 Exception <a 'java/lang/ClassNotFoundException'{0x0000000085aac3c8}: org/gradle/api/AntBuilderBeanInfo> (0x0000000085aac3c8) 
thrown [s\src\hotspot\share\classfile\systemDictionary.cpp, line 313]
Event: 22.969 Thread 0x000002587e7f59c0 Exception <a 'java/lang/ClassNotFoundException'{0x0000000085acb558}: groovy/ant/AntBuilderBeanInfo> (0x0000000085acb558) 
thrown [s\src\hotspot\share\classfile\systemDictionary.cpp, line 313]
Event: 22.971 Thread 0x000002587e7f59c0 Exception <a 'java/lang/ClassNotFoundException'{0x0000000085aeb4c8}: groovy/util/BuilderSupportBeanInfo> (0x0000000085aeb4c8) 
thrown [s\src\hotspot\share\classfile\systemDictionary.cpp, line 313]
Event: 22.973 Thread 0x000002587e7f59c0 Exception <a 'java/lang/ClassNotFoundException'{0x000000008590b170}: groovy/util/BuilderSupportCustomizer> (0x000000008590b170) 
thrown [s\src\hotspot\share\classfile\systemDictionary.cpp, line 313]
Event: 22.975 Thread 0x000002587e7f59c0 Exception <a 'java/lang/ClassNotFoundException'{0x000000008592cc68}: groovy/ant/AntBuilderCustomizer> (0x000000008592cc68) 
thrown [s\src\hotspot\share\classfile\systemDictionary.cpp, line 313]
Event: 22.977 Thread 0x000002587e7f59c0 Exception <a 'java/lang/ClassNotFoundException'{0x0000000085950df0}: org/gradle/api/AntBuilderCustomizer> (0x0000000085950df0) 
thrown [s\src\hotspot\share\classfile\systemDictionary.cpp, line 313]
Event: 22.979 Thread 0x000002587e7f59c0 Exception <a 'java/lang/ClassNotFoundException'{0x000000008597c0b8}: org/gradle/api/internal/project/ant/BasicAntBuilderCustomizer> (0x000000008597c0b8) 
thrown [s\src\hotspot\share\classfile\systemDictionary.cpp, line 313]
Event: 22.982 Thread 0x000002587e7f59c0 Exception <a 'java/lang/ClassNotFoundException'{0x00000000859aeef0}: org/gradle/api/internal/project/DefaultAntBuilderCustomizer> (0x00000000859aeef0) 
thrown [s\src\hotspot\share\classfile\systemDictionary.cpp, line 313]
Event: 23.033 Thread 0x000002587e7f59c0 Exception <a 'java/lang/IncompatibleClassChangeError'{0x0000000085746488}: Found class java.lang.Object, but interface was expected> (0x0000000085746488) 
thrown [s\src\hotspot\share\interpreter\linkResolver.cpp, line 840]

ZGC Phase Switch (0 events):
No events

VM Operations (20 events):
Event: 19.054 Executing safepoint VM operation: G1PauseRemark done
Event: 19.074 Executing safepoint VM operation: G1PauseCleanup
Event: 19.075 Executing safepoint VM operation: G1PauseCleanup done
Event: 20.086 Executing safepoint VM operation: Cleanup
Event: 20.086 Executing safepoint VM operation: Cleanup done
Event: 21.092 Executing safepoint VM operation: Cleanup
Event: 21.595 Executing safepoint VM operation: Cleanup done
Event: 22.282 Executing non-safepoint VM operation: HandshakeAllThreads (Deoptimize)
Event: 22.282 Executing non-safepoint VM operation: HandshakeAllThreads (Deoptimize) done
Event: 22.490 Executing safepoint VM operation: G1CollectForAllocation (G1 Evacuation Pause)
Event: 22.493 Executing safepoint VM operation: G1CollectForAllocation (G1 Evacuation Pause) done
Event: 22.924 Executing non-safepoint VM operation: HandshakeAllThreads (Deoptimize)
Event: 22.924 Executing non-safepoint VM operation: HandshakeAllThreads (Deoptimize) done
Event: 22.979 Executing safepoint VM operation: ICBufferFull
Event: 22.979 Executing safepoint VM operation: ICBufferFull done
Event: 23.449 Executing safepoint VM operation: ICBufferFull
Event: 23.449 Executing safepoint VM operation: ICBufferFull done
Event: 24.459 Executing safepoint VM operation: Cleanup
Event: 24.459 Executing safepoint VM operation: Cleanup done
Event: 25.464 Executing safepoint VM operation: Cleanup

Memory protections (0 events):
No events

Nmethod flushes (20 events):
Event: 19.053 Thread 0x000002587c815710 flushing  nmethod 0x00000258679df890
Event: 19.053 Thread 0x000002587c815710 flushing  nmethod 0x00000258679e5790
Event: 19.053 Thread 0x000002587c815710 flushing  nmethod 0x00000258679e8210
Event: 19.053 Thread 0x000002587c815710 flushing  nmethod 0x0000025867b88e90
Event: 19.053 Thread 0x000002587c815710 flushing  nmethod 0x0000025867b8af10
Event: 19.053 Thread 0x000002587c815710 flushing  nmethod 0x0000025867b8c910
Event: 19.053 Thread 0x000002587c815710 flushing  nmethod 0x0000025867d65990
Event: 19.053 Thread 0x000002587c815710 flushing  nmethod 0x0000025867d65d10
Event: 19.053 Thread 0x000002587c815710 flushing  nmethod 0x0000025867d66590
Event: 19.053 Thread 0x000002587c815710 flushing  nmethod 0x0000025867f66090
Event: 19.053 Thread 0x000002587c815710 flushing  nmethod 0x0000025867f67a10
Event: 19.053 Thread 0x000002587c815710 flushing  nmethod 0x0000025867f68310
Event: 19.053 Thread 0x000002587c815710 flushing  nmethod 0x0000025867f68d10
Event: 19.053 Thread 0x000002587c815710 flushing  nmethod 0x0000025867f70c10
Event: 19.053 Thread 0x000002587c815710 flushing  nmethod 0x0000025867f72510
Event: 19.053 Thread 0x000002587c815710 flushing  nmethod 0x000002586800c510
Event: 19.053 Thread 0x000002587c815710 flushing  nmethod 0x00000258680a3510
Event: 19.053 Thread 0x000002587c815710 flushing  nmethod 0x00000258680a5810
Event: 19.053 Thread 0x000002587c815710 flushing  nmethod 0x00000258680a5b90
Event: 19.053 Thread 0x000002587c815710 flushing  nmethod 0x0000025868220390

Events (20 events):
Event: 16.365 Thread 0x000002587d424fa0 Thread added: 0x00000258234b2b20
Event: 16.792 Thread 0x00000258234b2b20 Thread exited: 0x00000258234b2b20
Event: 17.279 Thread 0x000002587c853220 Thread added: 0x0000025821dbc140
Event: 17.452 Thread 0x000002587e7f59c0 Thread added: 0x0000025820b88ea0
Event: 18.018 Thread 0x0000025821dbc140 Thread exited: 0x0000025821dbc140
Event: 18.238 Thread 0x000002587e7f59c0 Thread added: 0x0000025824277030
Event: 19.091 Thread 0x000002587e7f59c0 Thread added: 0x0000025824279e20
Event: 19.380 Thread 0x000002587d22a120 Thread added: 0x0000025821dbf0f0
Event: 20.403 Thread 0x0000025821dbf0f0 Thread exited: 0x0000025821dbf0f0
Event: 20.403 Thread 0x0000025820b98cc0 Thread exited: 0x0000025820b98cc0
Event: 20.403 Thread 0x000002587d22a120 Thread exited: 0x000002587d22a120
Event: 22.264 Thread 0x000002587d424fa0 Thread exited: 0x000002587d424fa0
Event: 22.264 Thread 0x000002587c9abe70 Thread exited: 0x000002587c9abe70
Event: 22.269 Thread 0x000002587c853220 Thread added: 0x0000025821dbf7c0
Event: 22.269 Thread 0x000002587c853220 Thread added: 0x0000025821dbf0f0
Event: 22.425 Thread 0x000002587c851c10 Thread added: 0x0000025821dbe350
Event: 22.484 Thread 0x0000025821dbf0f0 Thread added: 0x0000025821dbc140
Event: 23.184 Thread 0x0000025821dbe350 Thread exited: 0x0000025821dbe350
Event: 23.986 Thread 0x0000025821dbf0f0 Thread added: 0x0000025821dbe350
Event: 25.402 Thread 0x0000025821dbc140 Thread exited: 0x0000025821dbc140


Dynamic libraries:
0x00007ff6e3a40000 - 0x00007ff6e3a4e000 	C:\Users\subha\.vscode\extensions\redhat.java-1.55.0-win32-x64\jre\21.0.11-win32-x86_64\bin\java.exe
0x00007ffaa30c0000 - 0x00007ffaa3326000 	C:\WINDOWS\SYSTEM32\ntdll.dll
0x00007ffaa1ca0000 - 0x00007ffaa1d69000 	C:\WINDOWS\System32\KERNEL32.DLL
0x00007ffaa0640000 - 0x00007ffaa0a40000 	C:\WINDOWS\System32\KERNELBASE.dll
0x00007ffaa0c90000 - 0x00007ffaa0ddc000 	C:\WINDOWS\System32\ucrtbase.dll
0x00007ffa891c0000 - 0x00007ffa891d8000 	C:\Users\subha\.vscode\extensions\redhat.java-1.55.0-win32-x64\jre\21.0.11-win32-x86_64\bin\jli.dll
0x00007ffaa1ad0000 - 0x00007ffaa1c97000 	C:\WINDOWS\System32\USER32.dll
0x00007ffa680a0000 - 0x00007ffa680be000 	C:\Users\subha\.vscode\extensions\redhat.java-1.55.0-win32-x64\jre\21.0.11-win32-x86_64\bin\VCRUNTIME140.dll
0x00007ffa86ba0000 - 0x00007ffa86e32000 	C:\WINDOWS\WinSxS\amd64_microsoft.windows.common-controls_6595b64144ccf1df_6.0.26100.8737_none_3e092eaee333b772\COMCTL32.dll
0x00007ffaa0560000 - 0x00007ffaa0587000 	C:\WINDOWS\System32\win32u.dll
0x00007ffaa2fd0000 - 0x00007ffaa3079000 	C:\WINDOWS\System32\msvcrt.dll
0x00007ffaa2e30000 - 0x00007ffaa2e5b000 	C:\WINDOWS\System32\GDI32.dll
0x00007ffaa02e0000 - 0x00007ffaa0409000 	C:\WINDOWS\System32\gdi32full.dll
0x00007ffaa0590000 - 0x00007ffaa0633000 	C:\WINDOWS\System32\msvcp_win.dll
0x00007ffaa1690000 - 0x00007ffaa16c2000 	C:\WINDOWS\System32\IMM32.DLL
0x00007ffa8d090000 - 0x00007ffa8d09c000 	C:\Users\subha\.vscode\extensions\redhat.java-1.55.0-win32-x64\jre\21.0.11-win32-x86_64\bin\vcruntime140_1.dll
0x00007ffa2ba20000 - 0x00007ffa2baad000 	C:\Users\subha\.vscode\extensions\redhat.java-1.55.0-win32-x64\jre\21.0.11-win32-x86_64\bin\msvcp140.dll
0x00007ffa0e500000 - 0x00007ffa0f2a2000 	C:\Users\subha\.vscode\extensions\redhat.java-1.55.0-win32-x64\jre\21.0.11-win32-x86_64\bin\server\jvm.dll
0x00007ffaa2810000 - 0x00007ffaa28c7000 	C:\WINDOWS\System32\ADVAPI32.dll
0x00007ffaa1880000 - 0x00007ffaa192a000 	C:\WINDOWS\System32\sechost.dll
0x00007ffaa1760000 - 0x00007ffaa1878000 	C:\WINDOWS\System32\RPCRT4.dll
0x00007ffaa16d0000 - 0x00007ffaa1750000 	C:\WINDOWS\System32\WS2_32.dll
0x00007ffa94510000 - 0x00007ffa94546000 	C:\WINDOWS\SYSTEM32\WINMM.dll
0x00007ffaa0140000 - 0x00007ffaa019e000 	C:\WINDOWS\SYSTEM32\POWRPROF.dll
0x00007ffa8c7a0000 - 0x00007ffa8c7ab000 	C:\WINDOWS\SYSTEM32\VERSION.dll
0x00007ffaa0120000 - 0x00007ffaa0134000 	C:\WINDOWS\SYSTEM32\UMPDC.dll
0x00007ffa9efc0000 - 0x00007ffa9efdb000 	C:\WINDOWS\SYSTEM32\kernel.appcore.dll
0x00007ffa8cde0000 - 0x00007ffa8cdea000 	C:\Users\subha\.vscode\extensions\redhat.java-1.55.0-win32-x64\jre\21.0.11-win32-x86_64\bin\jimage.dll
0x00007ffa9d6e0000 - 0x00007ffa9d922000 	C:\WINDOWS\SYSTEM32\DBGHELP.DLL
0x00007ffaa1220000 - 0x00007ffaa15a3000 	C:\WINDOWS\System32\combase.dll
0x00007ffaa19f0000 - 0x00007ffaa1ac9000 	C:\WINDOWS\System32\OLEAUT32.dll
0x00007ffa8aff0000 - 0x00007ffa8b02b000 	C:\WINDOWS\SYSTEM32\dbgcore.DLL
0x00007ffaa0a50000 - 0x00007ffaa0afc000 	C:\WINDOWS\System32\bcryptPrimitives.dll
0x00007ffa770c0000 - 0x00007ffa770cf000 	C:\Users\subha\.vscode\extensions\redhat.java-1.55.0-win32-x64\jre\21.0.11-win32-x86_64\bin\instrument.dll
0x00007ffa66b10000 - 0x00007ffa66b30000 	C:\Users\subha\.vscode\extensions\redhat.java-1.55.0-win32-x64\jre\21.0.11-win32-x86_64\bin\java.dll
0x00007ffaa2070000 - 0x00007ffaa2802000 	C:\WINDOWS\System32\SHELL32.dll
0x00007ffa9dd80000 - 0x00007ffa9e612000 	C:\WINDOWS\SYSTEM32\windows.storage.dll
0x00007ffaa1d70000 - 0x00007ffaa1e67000 	C:\WINDOWS\System32\SHCORE.dll
0x00007ffaa1610000 - 0x00007ffaa1677000 	C:\WINDOWS\System32\shlwapi.dll
0x00007ffaa0200000 - 0x00007ffaa0229000 	C:\WINDOWS\SYSTEM32\profapi.dll
0x00007ffa65dc0000 - 0x00007ffa65dd8000 	C:\Users\subha\.vscode\extensions\redhat.java-1.55.0-win32-x64\jre\21.0.11-win32-x86_64\bin\zip.dll
0x00007ffa77130000 - 0x00007ffa77140000 	C:\Users\subha\.vscode\extensions\redhat.java-1.55.0-win32-x64\jre\21.0.11-win32-x86_64\bin\net.dll
0x00007ffa93fe0000 - 0x00007ffa94109000 	C:\WINDOWS\SYSTEM32\WINHTTP.dll
0x00007ffa9f570000 - 0x00007ffa9f5dc000 	C:\WINDOWS\system32\mswsock.dll
0x00007ffa64ff0000 - 0x00007ffa65006000 	C:\Users\subha\.vscode\extensions\redhat.java-1.55.0-win32-x64\jre\21.0.11-win32-x86_64\bin\nio.dll
0x00007ffa76f90000 - 0x00007ffa76fa0000 	C:\Users\subha\.vscode\extensions\redhat.java-1.55.0-win32-x64\jre\21.0.11-win32-x86_64\bin\verify.dll
0x00007ffa8e2f0000 - 0x00007ffa8e317000 	C:\Users\subha\.gradle\native\660c5614fbf4a5f2a75b1949f50a0caf5cd603558e7d8a26e50b933a0cfb79d1\windows-amd64\native-platform.dll
0x00007ffa2a6f0000 - 0x00007ffa2a767000 	C:\Users\subha\.gradle\native\0.2.8\x86_64-windows-gnu\gradle-fileevents.dll
0x00007ffa72460000 - 0x00007ffa7246a000 	C:\Users\subha\.vscode\extensions\redhat.java-1.55.0-win32-x64\jre\21.0.11-win32-x86_64\bin\management.dll
0x00007ffa72320000 - 0x00007ffa7232c000 	C:\Users\subha\.vscode\extensions\redhat.java-1.55.0-win32-x64\jre\21.0.11-win32-x86_64\bin\management_ext.dll
0x00007ffaa1680000 - 0x00007ffaa1688000 	C:\WINDOWS\System32\PSAPI.DLL
0x00007ffa9ea20000 - 0x00007ffa9ea53000 	C:\WINDOWS\SYSTEM32\IPHLPAPI.DLL
0x00007ffaa28d0000 - 0x00007ffaa28da000 	C:\WINDOWS\System32\NSI.dll
0x00007ffa6d0b0000 - 0x00007ffa6d0b9000 	C:\Users\subha\.vscode\extensions\redhat.java-1.55.0-win32-x64\jre\21.0.11-win32-x86_64\bin\extnet.dll
0x00007ffa9f870000 - 0x00007ffa9f88b000 	C:\WINDOWS\SYSTEM32\CRYPTSP.dll
0x00007ffa9ef20000 - 0x00007ffa9ef59000 	C:\WINDOWS\system32\rsaenh.dll
0x00007ffa9f630000 - 0x00007ffa9f662000 	C:\WINDOWS\SYSTEM32\USERENV.dll
0x00007ffaa01d0000 - 0x00007ffaa01fa000 	C:\WINDOWS\SYSTEM32\bcrypt.dll
0x00007ffa9f890000 - 0x00007ffa9f89c000 	C:\WINDOWS\SYSTEM32\CRYPTBASE.dll
0x00007ffa67400000 - 0x00007ffa6740e000 	C:\Users\subha\.vscode\extensions\redhat.java-1.55.0-win32-x64\jre\21.0.11-win32-x86_64\bin\sunmscapi.dll
0x00007ffaa0b10000 - 0x00007ffaa0c88000 	C:\WINDOWS\System32\CRYPT32.dll
0x00007ffa9fab0000 - 0x00007ffa9fae0000 	C:\WINDOWS\SYSTEM32\ncrypt.dll
0x00007ffa9fa60000 - 0x00007ffa9fa9f000 	C:\WINDOWS\SYSTEM32\NTASN1.dll
0x00007ffa5f9e0000 - 0x00007ffa5f9e8000 	C:\WINDOWS\system32\wshunix.dll

JVMTI agents:
C:\Users\subha\.gradle\wrapper\dists\gradle-9.3.1-bin\23ovyewtku6u96viwx3xl3oks\gradle-9.3.1\lib\agents\gradle-instrumentation-agent-9.3.1.jar path:C:\Users\subha\.vscode\extensions\redhat.java-1.55.0-win32-x64\jre\21.0.11-win32-x86_64\bin\instrument.dll, loaded, initialized, instrumentlib options:none

dbghelp: loaded successfully - version: 4.0.5 - missing functions: none
symbol engine: initialized successfully - sym options: 0x614 - pdb path: .;C:\Users\subha\.vscode\extensions\redhat.java-1.55.0-win32-x64\jre\21.0.11-win32-x86_64\bin;C:\WINDOWS\SYSTEM32;C:\WINDOWS\WinSxS\amd64_microsoft.windows.common-controls_6595b64144ccf1df_6.0.26100.8737_none_3e092eaee333b772;C:\Users\subha\.vscode\extensions\redhat.java-1.55.0-win32-x64\jre\21.0.11-win32-x86_64\bin\server;C:\Users\subha\.gradle\native\660c5614fbf4a5f2a75b1949f50a0caf5cd603558e7d8a26e50b933a0cfb79d1\windows-amd64;C:\Users\subha\.gradle\native\0.2.8\x86_64-windows-gnu

VM Arguments:
jvm_args: --add-opens=java.base/java.lang=ALL-UNNAMED --add-opens=java.base/java.lang.invoke=ALL-UNNAMED --add-opens=java.base/java.util=ALL-UNNAMED --add-opens=java.prefs/java.util.prefs=ALL-UNNAMED --add-exports=jdk.compiler/com.sun.tools.javac.api=ALL-UNNAMED --add-exports=jdk.compiler/com.sun.tools.javac.util=ALL-UNNAMED --add-opens=java.base/java.util=ALL-UNNAMED --add-opens=java.prefs/java.util.prefs=ALL-UNNAMED --add-opens=java.base/java.nio.charset=ALL-UNNAMED --add-opens=java.base/java.net=ALL-UNNAMED --add-opens=java.base/java.util.concurrent=ALL-UNNAMED --add-opens=java.base/java.util.concurrent.atomic=ALL-UNNAMED --add-opens=java.xml/javax.xml.namespace=ALL-UNNAMED --add-opens=java.base/java.time=ALL-UNNAMED -XX:MaxMetaspaceSize=512m -Xmx2048m -Dfile.encoding=UTF-8 -Duser.country=US -Duser.language=en -Duser.variant -javaagent:C:\Users\subha\.gradle\wrapper\dists\gradle-9.3.1-bin\23ovyewtku6u96viwx3xl3oks\gradle-9.3.1\lib\agents\gradle-instrumentation-agent-9.3.1.jar 
java_command: org.gradle.launcher.daemon.bootstrap.GradleDaemon 9.3.1
java_class_path (initial): C:\Users\subha\.gradle\wrapper\dists\gradle-9.3.1-bin\23ovyewtku6u96viwx3xl3oks\gradle-9.3.1\lib\gradle-daemon-main-9.3.1.jar
Launcher Type: SUN_STANDARD

[Global flags]
     intx CICompilerCount                          = 12                                        {product} {ergonomic}
   size_t CompressedClassSpaceSize                 = 436207616                                 {product} {ergonomic}
     uint ConcGCThreads                            = 3                                         {product} {ergonomic}
     uint G1ConcRefinementThreads                  = 13                                        {product} {ergonomic}
   size_t G1HeapRegionSize                         = 1048576                                   {product} {ergonomic}
    uintx GCDrainStackTargetSize                   = 64                                        {product} {ergonomic}
   size_t InitialHeapSize                          = 264241152                                 {product} {ergonomic}
   size_t MarkStackSize                            = 4194304                                   {product} {ergonomic}
   size_t MaxHeapSize                              = 2147483648                                {product} {command line}
   size_t MaxMetaspaceSize                         = 536870912                                 {product} {command line}
   size_t MaxNewSize                               = 1287651328                                {product} {ergonomic}
   size_t MinHeapDeltaBytes                        = 1048576                                   {product} {ergonomic}
   size_t MinHeapSize                              = 8388608                                   {product} {ergonomic}
    uintx NonNMethodCodeHeapSize                   = 7602480                                {pd product} {ergonomic}
    uintx NonProfiledCodeHeapSize                  = 122027880                              {pd product} {ergonomic}
    uintx ProfiledCodeHeapSize                     = 122027880                              {pd product} {ergonomic}
    uintx ReservedCodeCacheSize                    = 251658240                              {pd product} {ergonomic}
     bool SegmentedCodeCache                       = true                                      {product} {ergonomic}
   size_t SoftMaxHeapSize                          = 2147483648                             {manageable} {ergonomic}
     bool UseCompressedOops                        = true                           {product lp64_product} {ergonomic}
     bool UseG1GC                                  = true                                      {product} {ergonomic}
     bool UseLargePagesIndividualAllocation        = false                                  {pd product} {ergonomic}

Logging:
Log output configuration:
 #0: stdout all=warning uptime,level,tags foldmultilines=false
 #1: stderr all=off uptime,level,tags foldmultilines=false

Release file:
JAVA_VERSION="21.0.11" 
MODULES="java.base java.compiler java.datatransfer java.xml java.prefs java.desktop java.instrument java.logging java.management java.security.sasl java.naming java.rmi java.management.rmi java.net.http java.scripting java.security.jgss java.transaction.xa java.sql java.sql.rowset java.xml.crypto java.se java.smartcardio jdk.accessibility jdk.internal.jvmstat jdk.attach jdk.charsets jdk.internal.opt jdk.zipfs jdk.compiler jdk.crypto.ec jdk.crypto.cryptoki jdk.crypto.mscapi jdk.dynalink jdk.internal.ed jdk.editpad jdk.hotspot.agent jdk.httpserver jdk.internal.le jdk.internal.vm.ci jdk.internal.vm.compiler jdk.internal.vm.compiler.management jdk.jartool jdk.javadoc jdk.jcmd jdk.management jdk.management.agent jdk.jconsole jdk.jdeps jdk.jdwp.agent jdk.jdi jdk.jfr jdk.jshell jdk.jsobject jdk.jstatd jdk.localedata jdk.management.jfr jdk.naming.dns jdk.naming.rmi jdk.net jdk.nio.mapmode jdk.random jdk.sctp jdk.security.auth jdk.security.jgss jdk.unsupported jdk.unsupported.desktop jdk.xml.dom" 

Environment Variables:
JAVA_HOME=C:\Program Files\Microsoft\jdk-17.0.17.10-hotspot\
PATH=C:\Program Files\Microsoft\jdk-17.0.17.10-hotspot\bin;C:\WINDOWS\system32;C:\WINDOWS;C:\WINDOWS\System32\Wbem;C:\WINDOWS\System32\WindowsPowerShell\v1.0\;C:\WINDOWS\System32\OpenSSH\;C:\ProgramData\chocolatey\bin;C:\Program Files\Docker\Docker\resources\bin;C:\Program Files\Git\cmd;C:\Program Files\nodejs\;C:\Users\subha\AppData\Local\Android\Sdk\tools;C:\Users\subha\AppData\Local\Programs\Python\Launcher\;C:\Users\subha\AppData\Local\Microsoft\WindowsApps;C:\Flutter\flutter\bin;C:\Users\subha\AppData\Local\Programs\Python\Python313\;C:\Users\subha\AppData\Local\Programs\Python\Python313\Scripts\;C:\Users\subha\AppData\Local\Programs\Python\Python313\python.exe;C:\Users\subha\AppData\Local\Android\Sdk\platform-tools;C:\Users\subha\AppData\Local\Android\Sdk\platform-tools;C:\Users\subha\AppData\Local\Android\Sdk;C:\ProgramData\Microsoft\Windows\Start Menu\Programs\Git;C:\MinGW\bin;C:\Users\subha\AppData\Local\Android\Sdk\emulator;C:\Users\subha\AppData\Roaming\npm;D:\subha\bin
USERNAME=subha
OS=Windows_NT
PROCESSOR_IDENTIFIER=Intel64 Family 6 Model 154 Stepping 3, GenuineIntel
TMP=C:\Users\subha\AppData\Local\Temp
TEMP=C:\Users\subha\AppData\Local\Temp




Periodic native trim disabled

---------------  S Y S T E M  ---------------

OS:
 Windows 11 , 64 bit Build 26100 (10.0.26100.8737)
OS uptime: 1 days 13:51 hours
Hyper-V role detected

CPU: total 16 (initial active 16) (8 cores per cpu, 2 threads per core) family 6 model 154 stepping 3 microcode 0x432, cx8, cmov, fxsr, ht, mmx, 3dnowpref, sse, sse2, sse3, ssse3, sse4.1, sse4.2, popcnt, lzcnt, tsc, tscinvbit, avx, avx2, aes, erms, clmul, bmi1, bmi2, adx, sha, fma, vzeroupper, clflush, clflushopt, clwb, hv, serialize, rdtscp, rdpid, fsrm, f16c, cet_ibt, cet_ss
Processor Information for processor 0
  Max Mhz: 2500, Current Mhz: 2500, Mhz Limit: 2500
Processor Information for processor 1
  Max Mhz: 2500, Current Mhz: 2500, Mhz Limit: 2500
Processor Information for processor 2
  Max Mhz: 2500, Current Mhz: 2500, Mhz Limit: 2500
Processor Information for processor 3
  Max Mhz: 2500, Current Mhz: 2500, Mhz Limit: 2500
Processor Information for processor 4
  Max Mhz: 2500, Current Mhz: 2500, Mhz Limit: 2500
Processor Information for processor 5
  Max Mhz: 2500, Current Mhz: 2500, Mhz Limit: 2500
Processor Information for processor 6
  Max Mhz: 2500, Current Mhz: 2500, Mhz Limit: 2500
Processor Information for processor 7
  Max Mhz: 2500, Current Mhz: 2500, Mhz Limit: 2500
Processor Information for processor 8
  Max Mhz: 2500, Current Mhz: 1800, Mhz Limit: 1800
Processor Information for processor 9
  Max Mhz: 2500, Current Mhz: 1500, Mhz Limit: 1800
Processor Information for processor 10
  Max Mhz: 2500, Current Mhz: 1800, Mhz Limit: 1800
Processor Information for processor 11
  Max Mhz: 2500, Current Mhz: 1800, Mhz Limit: 1800
Processor Information for processor 12
  Max Mhz: 2500, Current Mhz: 1800, Mhz Limit: 1800
Processor Information for processor 13
  Max Mhz: 2500, Current Mhz: 1800, Mhz Limit: 1800
Processor Information for processor 14
  Max Mhz: 2500, Current Mhz: 1500, Mhz Limit: 1800
Processor Information for processor 15
  Max Mhz: 2500, Current Mhz: 1800, Mhz Limit: 1800

Memory: 4k page, system-wide physical 16004M (1917M free)
TotalPageFile size 42254M (AvailPageFile size 226M)
current process WorkingSet (physical memory assigned to process): 360M, peak: 364M
current process commit charge ("private bytes"): 409M, peak: 450M

vm_info: OpenJDK 64-Bit Server VM (21.0.11+10-LTS) for windows-amd64 JRE (21.0.11+10-LTS), built on 2026-04-21T00:00:00Z by "admin" with MS VC++ 17.12 (VS2022)

END.
